<?xml version="1.0" encoding="UTF-8"?>
<coverage generated="1525459660603" clover="3.2.0">
  <project timestamp="1525459660603" name="All files">
    <metrics statements="396" coveredstatements="346" conditionals="207" coveredconditionals="156" methods="113" coveredmethods="81" elements="716" coveredelements="583" complexity="0" loc="396" ncloc="396" packages="2" files="31" classes="31">
      <package name="src">
        <metrics statements="316" coveredstatements="277" conditionals="175" coveredconditionals="136" methods="86" coveredmethods="59"/>
        <file name="Badge.js" path="/Users/mattapperson/Development/nachos-ui/src/Badge.js">
          <metrics statements="10" coveredstatements="10" conditionals="4" coveredconditionals="3" methods="3" coveredmethods="3"/>
          <line num="6" count="2" type="stmt"/>
          <line num="15" count="2" type="stmt"/>
          <line num="17" count="2" type="stmt"/>
          <line num="18" count="2" type="stmt"/>
          <line num="35" count="2" type="stmt"/>
          <line num="41" count="2" type="stmt"/>
          <line num="43" count="2" type="cond" truecount="2" falsecount="0"/>
          <line num="44" count="2" type="stmt"/>
          <line num="46" count="2" type="stmt"/>
          <line num="63" count="2" type="stmt"/>
        </file>
        <file name="Bubble.js" path="/Users/mattapperson/Development/nachos-ui/src/Bubble.js">
          <metrics statements="13" coveredstatements="13" conditionals="4" coveredconditionals="4" methods="4" coveredmethods="4"/>
          <line num="6" count="1" type="stmt"/>
          <line num="16" count="1" type="stmt"/>
          <line num="18" count="1" type="stmt"/>
          <line num="19" count="1" type="stmt"/>
          <line num="60" count="1" type="stmt"/>
          <line num="102" count="1" type="stmt"/>
          <line num="107" count="1" type="stmt"/>
          <line num="109" count="1" type="cond" truecount="2" falsecount="0"/>
          <line num="110" count="1" type="stmt"/>
          <line num="111" count="1" type="cond" truecount="2" falsecount="0"/>
          <line num="113" count="1" type="stmt"/>
          <line num="132" count="1" type="stmt"/>
          <line num="140" count="1" type="stmt"/>
        </file>
        <file name="Button.js" path="/Users/mattapperson/Development/nachos-ui/src/Button.js">
          <metrics statements="21" coveredstatements="21" conditionals="26" coveredconditionals="20" methods="8" coveredmethods="3"/>
          <line num="7" count="4" type="stmt"/>
          <line num="22" count="8" type="stmt"/>
          <line num="24" count="4" type="stmt"/>
          <line num="25" count="8" type="stmt"/>
          <line num="68" count="4" type="stmt"/>
          <line num="93" count="8" type="stmt"/>
          <line num="95" count="8" type="cond" truecount="2" falsecount="0"/>
          <line num="96" count="8" type="stmt"/>
          <line num="99" count="8" type="cond" truecount="1" falsecount="1"/>
          <line num="105" count="8" type="stmt"/>
          <line num="112" count="8" type="stmt"/>
          <line num="119" count="8" type="stmt"/>
          <line num="128" count="8" type="cond" truecount="2" falsecount="0"/>
          <line num="130" count="4" type="stmt"/>
          <line num="140" count="4" type="cond" truecount="2" falsecount="0"/>
          <line num="141" count="4" type="cond" truecount="1" falsecount="1"/>
          <line num="145" count="8" type="cond" truecount="1" falsecount="1"/>
          <line num="146" count="8" type="stmt"/>
          <line num="153" count="8" type="stmt"/>
          <line num="176" count="4" type="stmt"/>
          <line num="212" count="4" type="stmt"/>
        </file>
        <file name="Card.js" path="/Users/mattapperson/Development/nachos-ui/src/Card.js">
          <metrics statements="20" coveredstatements="19" conditionals="10" coveredconditionals="8" methods="3" coveredmethods="3"/>
          <line num="7" count="1" type="stmt"/>
          <line num="16" count="2" type="stmt"/>
          <line num="18" count="1" type="stmt"/>
          <line num="19" count="2" type="stmt"/>
          <line num="57" count="1" type="stmt"/>
          <line num="58" count="2" type="stmt"/>
          <line num="60" count="2" type="cond" truecount="2" falsecount="0"/>
          <line num="61" count="2" type="stmt"/>
          <line num="64" count="2" type="cond" truecount="1" falsecount="1"/>
          <line num="65" count="0" type="stmt"/>
          <line num="69" count="2" type="cond" truecount="2" falsecount="0"/>
          <line num="70" count="1" type="stmt"/>
          <line num="81" count="2" type="cond" truecount="1" falsecount="1"/>
          <line num="82" count="2" type="stmt"/>
          <line num="83" count="2" type="stmt"/>
          <line num="84" count="2" type="cond" truecount="2" falsecount="0"/>
          <line num="85" count="1" type="stmt"/>
          <line num="92" count="2" type="stmt"/>
          <line num="99" count="2" type="stmt"/>
          <line num="110" count="1" type="stmt"/>
        </file>
        <file name="Carousel.js" path="/Users/mattapperson/Development/nachos-ui/src/Carousel.js">
          <metrics statements="40" coveredstatements="29" conditionals="36" coveredconditionals="19" methods="10" coveredmethods="7"/>
          <line num="6" count="1" type="stmt"/>
          <line num="14" count="3" type="stmt"/>
          <line num="16" count="1" type="stmt"/>
          <line num="17" count="3" type="stmt"/>
          <line num="63" count="2" type="cond" truecount="2" falsecount="0"/>
          <line num="64" count="1" type="stmt"/>
          <line num="67" count="1" type="cond" truecount="2" falsecount="0"/>
          <line num="69" count="1" type="stmt"/>
          <line num="70" count="1" type="stmt"/>
          <line num="71" count="1" type="stmt"/>
          <line num="72" count="1" type="stmt"/>
          <line num="73" count="1" type="cond" truecount="1" falsecount="1"/>
          <line num="74" count="1" type="stmt"/>
          <line num="77" count="1" type="stmt"/>
          <line num="78" count="2" type="stmt"/>
          <line num="85" count="2" type="cond" truecount="2" falsecount="0"/>
          <line num="86" count="1" type="stmt"/>
          <line num="93" count="2" type="stmt"/>
          <line num="104" count="1" type="stmt"/>
          <line num="112" count="0" type="cond" truecount="0" falsecount="2"/>
          <line num="114" count="0" type="cond" truecount="0" falsecount="2"/>
          <line num="115" count="0" type="stmt"/>
          <line num="116" count="0" type="stmt"/>
          <line num="118" count="0" type="cond" truecount="0" falsecount="2"/>
          <line num="119" count="0" type="stmt"/>
          <line num="124" count="0" type="stmt"/>
          <line num="125" count="0" type="cond" truecount="0" falsecount="2"/>
          <line num="127" count="0" type="cond" truecount="0" falsecount="2"/>
          <line num="128" count="0" type="cond" truecount="0" falsecount="2"/>
          <line num="129" count="0" type="stmt"/>
          <line num="136" count="2" type="cond" truecount="2" falsecount="0"/>
          <line num="138" count="2" type="cond" truecount="2" falsecount="0"/>
          <line num="139" count="2" type="cond" truecount="2" falsecount="0"/>
          <line num="141" count="2" type="stmt"/>
          <line num="142" count="2" type="stmt"/>
          <line num="143" count="2" type="cond" truecount="1" falsecount="1"/>
          <line num="144" count="2" type="stmt"/>
          <line num="145" count="4" type="stmt"/>
          <line num="155" count="2" type="stmt"/>
          <line num="165" count="2" type="stmt"/>
        </file>
        <file name="Checkbox.js" path="/Users/mattapperson/Development/nachos-ui/src/Checkbox.js">
          <metrics statements="19" coveredstatements="19" conditionals="18" coveredconditionals="17" methods="6" coveredmethods="4"/>
          <line num="7" count="3" type="stmt"/>
          <line num="22" count="7" type="stmt"/>
          <line num="24" count="3" type="stmt"/>
          <line num="25" count="7" type="stmt"/>
          <line num="73" count="3" type="stmt"/>
          <line num="88" count="7" type="stmt"/>
          <line num="90" count="7" type="cond" truecount="2" falsecount="0"/>
          <line num="91" count="7" type="stmt"/>
          <line num="94" count="7" type="cond" truecount="2" falsecount="0"/>
          <line num="100" count="7" type="cond" truecount="2" falsecount="0"/>
          <line num="103" count="7" type="cond" truecount="2" falsecount="0"/>
          <line num="104" count="1" type="stmt"/>
          <line num="105" count="1" type="cond" truecount="1" falsecount="1"/>
          <line num="106" count="1" type="stmt"/>
          <line num="117" count="7" type="stmt"/>
          <line num="126" count="7" type="stmt"/>
          <line num="132" count="1" type="stmt"/>
          <line num="141" count="3" type="stmt"/>
          <line num="161" count="3" type="stmt"/>
        </file>
        <file name="Gravatar.js" path="/Users/mattapperson/Development/nachos-ui/src/Gravatar.js">
          <metrics statements="21" coveredstatements="18" conditionals="6" coveredconditionals="3" methods="1" coveredmethods="1"/>
          <line num="34" count="1" type="stmt"/>
          <line num="35" count="1" type="stmt"/>
          <line num="42" count="1" type="stmt"/>
          <line num="45" count="1" type="cond" truecount="1" falsecount="1"/>
          <line num="46" count="0" type="stmt"/>
          <line num="47" count="1" type="cond" truecount="1" falsecount="1"/>
          <line num="48" count="1" type="stmt"/>
          <line num="50" count="0" type="stmt"/>
          <line num="53" count="0" type="stmt"/>
          <line num="56" count="1" type="stmt"/>
          <line num="60" count="1" type="stmt"/>
          <line num="61" count="1" type="stmt"/>
          <line num="62" count="1" type="stmt"/>
          <line num="63" count="1" type="stmt"/>
          <line num="64" count="1" type="stmt"/>
          <line num="65" count="1" type="stmt"/>
          <line num="66" count="1" type="stmt"/>
          <line num="67" count="1" type="stmt"/>
          <line num="68" count="1" type="stmt"/>
          <line num="69" count="1" type="stmt"/>
          <line num="71" count="1" type="stmt"/>
        </file>
        <file name="Indicator.js" path="/Users/mattapperson/Development/nachos-ui/src/Indicator.js">
          <metrics statements="15" coveredstatements="13" conditionals="4" coveredconditionals="4" methods="4" coveredmethods="3"/>
          <line num="8" count="1" type="stmt"/>
          <line num="14" count="1" type="stmt"/>
          <line num="16" count="1" type="stmt"/>
          <line num="17" count="1" type="stmt"/>
          <line num="61" count="0" type="stmt"/>
          <line num="62" count="0" type="stmt"/>
          <line num="76" count="1" type="stmt"/>
          <line num="78" count="1" type="cond" truecount="2" falsecount="0"/>
          <line num="80" count="1" type="stmt"/>
          <line num="81" count="1" type="stmt"/>
          <line num="85" count="1" type="cond" truecount="2" falsecount="0"/>
          <line num="87" count="1" type="stmt"/>
          <line num="88" count="1" type="stmt"/>
          <line num="89" count="1" type="stmt"/>
          <line num="112" count="1" type="stmt"/>
        </file>
        <file name="Input.js" path="/Users/mattapperson/Development/nachos-ui/src/Input.js">
          <metrics statements="26" coveredstatements="25" conditionals="10" coveredconditionals="9" methods="3" coveredmethods="3"/>
          <line num="7" count="1" type="stmt"/>
          <line num="20" count="2" type="stmt"/>
          <line num="22" count="1" type="stmt"/>
          <line num="23" count="2" type="stmt"/>
          <line num="68" count="1" type="stmt"/>
          <line num="69" count="2" type="stmt"/>
          <line num="70" count="2" type="cond" truecount="2" falsecount="0"/>
          <line num="71" count="2" type="cond" truecount="2" falsecount="0"/>
          <line num="72" count="2" type="stmt"/>
          <line num="73" count="2" type="stmt"/>
          <line num="74" count="2" type="cond" truecount="2" falsecount="0"/>
          <line num="75" count="2" type="stmt"/>
          <line num="78" count="2" type="cond" truecount="1" falsecount="1"/>
          <line num="79" count="0" type="stmt"/>
          <line num="91" count="2" type="stmt"/>
          <line num="92" count="2" type="stmt"/>
          <line num="93" count="2" type="stmt"/>
          <line num="94" count="2" type="stmt"/>
          <line num="95" count="2" type="stmt"/>
          <line num="96" count="2" type="stmt"/>
          <line num="97" count="2" type="stmt"/>
          <line num="98" count="2" type="stmt"/>
          <line num="99" count="2" type="stmt"/>
          <line num="101" count="2" type="stmt"/>
          <line num="126" count="1" type="stmt"/>
          <line num="141" count="1" type="stmt"/>
        </file>
        <file name="Progress.js" path="/Users/mattapperson/Development/nachos-ui/src/Progress.js">
          <metrics statements="12" coveredstatements="12" conditionals="8" coveredconditionals="8" methods="2" coveredmethods="2"/>
          <line num="6" count="2" type="stmt"/>
          <line num="13" count="2" type="stmt"/>
          <line num="15" count="2" type="stmt"/>
          <line num="20" count="2" type="stmt"/>
          <line num="21" count="2" type="cond" truecount="2" falsecount="0"/>
          <line num="22" count="2" type="cond" truecount="2" falsecount="0"/>
          <line num="23" count="2" type="cond" truecount="2" falsecount="0"/>
          <line num="25" count="2" type="stmt"/>
          <line num="33" count="2" type="stmt"/>
          <line num="39" count="2" type="stmt"/>
          <line num="46" count="2" type="stmt"/>
          <line num="55" count="2" type="stmt"/>
        </file>
        <file name="Radio.js" path="/Users/mattapperson/Development/nachos-ui/src/Radio.js">
          <metrics statements="4" coveredstatements="4" conditionals="0" coveredconditionals="0" methods="1" coveredmethods="1"/>
          <line num="5" count="2" type="stmt"/>
          <line num="6" count="4" type="stmt"/>
          <line num="9" count="2" type="stmt"/>
          <line num="14" count="2" type="stmt"/>
        </file>
        <file name="RadioGroup.js" path="/Users/mattapperson/Development/nachos-ui/src/RadioGroup.js">
          <metrics statements="11" coveredstatements="10" conditionals="2" coveredconditionals="1" methods="4" coveredmethods="3"/>
          <line num="8" count="1" type="stmt"/>
          <line num="19" count="1" type="stmt"/>
          <line num="22" count="3" type="stmt"/>
          <line num="24" count="0" type="stmt"/>
          <line num="39" count="1" type="stmt"/>
          <line num="48" count="1" type="stmt"/>
          <line num="50" count="1" type="stmt"/>
          <line num="58" count="3" type="cond" truecount="1" falsecount="1"/>
          <line num="59" count="3" type="stmt"/>
          <line num="73" count="1" type="stmt"/>
          <line num="86" count="1" type="stmt"/>
        </file>
        <file name="SegmentedControlButton.js" path="/Users/mattapperson/Development/nachos-ui/src/SegmentedControlButton.js">
          <metrics statements="23" coveredstatements="23" conditionals="12" coveredconditionals="12" methods="4" coveredmethods="3"/>
          <line num="6" count="3" type="stmt"/>
          <line num="24" count="3" type="stmt"/>
          <line num="26" count="3" type="stmt"/>
          <line num="27" count="5" type="stmt"/>
          <line num="77" count="3" type="stmt"/>
          <line num="89" count="5" type="stmt"/>
          <line num="91" count="5" type="cond" truecount="2" falsecount="0"/>
          <line num="93" count="5" type="stmt"/>
          <line num="96" count="5" type="cond" truecount="2" falsecount="0"/>
          <line num="104" count="5" type="stmt"/>
          <line num="105" count="5" type="stmt"/>
          <line num="106" count="5" type="stmt"/>
          <line num="107" count="5" type="stmt"/>
          <line num="108" count="5" type="stmt"/>
          <line num="109" count="5" type="stmt"/>
          <line num="110" count="5" type="stmt"/>
          <line num="111" count="5" type="stmt"/>
          <line num="112" count="5" type="stmt"/>
          <line num="113" count="5" type="stmt"/>
          <line num="114" count="5" type="stmt"/>
          <line num="116" count="5" type="stmt"/>
          <line num="143" count="3" type="stmt"/>
          <line num="161" count="3" type="stmt"/>
        </file>
        <file name="Slider.js" path="/Users/mattapperson/Development/nachos-ui/src/Slider.js">
          <metrics statements="18" coveredstatements="7" conditionals="4" coveredconditionals="2" methods="9" coveredmethods="2"/>
          <line num="6" count="1" type="stmt"/>
          <line num="8" count="1" type="stmt"/>
          <line num="74" count="1" type="stmt"/>
          <line num="75" count="0" type="stmt"/>
          <line num="76" count="0" type="stmt"/>
          <line num="77" count="0" type="stmt"/>
          <line num="78" count="0" type="stmt"/>
          <line num="85" count="0" type="stmt"/>
          <line num="89" count="0" type="stmt"/>
          <line num="90" count="0" type="stmt"/>
          <line num="91" count="0" type="stmt"/>
          <line num="92" count="0" type="stmt"/>
          <line num="93" count="0" type="stmt"/>
          <line num="95" count="0" type="stmt"/>
          <line num="107" count="1" type="stmt"/>
          <line num="109" count="1" type="stmt"/>
          <line num="110" count="1" type="stmt"/>
          <line num="114" count="1" type="stmt"/>
        </file>
        <file name="Spinner.js" path="/Users/mattapperson/Development/nachos-ui/src/Spinner.js">
          <metrics statements="36" coveredstatements="30" conditionals="12" coveredconditionals="11" methods="16" coveredmethods="11"/>
          <line num="6" count="1" type="stmt"/>
          <line num="12" count="1" type="stmt"/>
          <line num="14" count="1" type="stmt"/>
          <line num="15" count="1" type="stmt"/>
          <line num="31" count="1" type="stmt"/>
          <line num="32" count="1" type="stmt"/>
          <line num="33" count="1" type="stmt"/>
          <line num="34" count="1" type="stmt"/>
          <line num="35" count="1" type="stmt"/>
          <line num="39" count="1" type="stmt"/>
          <line num="40" count="1" type="stmt"/>
          <line num="44" count="0" type="stmt"/>
          <line num="48" count="1" type="stmt"/>
          <line num="49" count="1" type="stmt"/>
          <line num="60" count="1" type="stmt"/>
          <line num="61" count="1" type="stmt"/>
          <line num="62" count="1" type="stmt"/>
          <line num="63" count="1" type="stmt"/>
          <line num="65" count="0" type="stmt"/>
          <line num="72" count="1" type="stmt"/>
          <line num="73" count="1" type="cond" truecount="1" falsecount="1"/>
          <line num="74" count="0" type="stmt"/>
          <line num="76" count="1" type="stmt"/>
          <line num="77" count="0" type="stmt"/>
          <line num="78" count="0" type="stmt"/>
          <line num="79" count="0" type="stmt"/>
          <line num="82" count="1" type="stmt"/>
          <line num="86" count="3" type="stmt"/>
          <line num="90" count="3" type="stmt"/>
          <line num="94" count="1" type="cond" truecount="2" falsecount="0"/>
          <line num="96" count="1" type="stmt"/>
          <line num="97" count="1" type="stmt"/>
          <line num="103" count="1" type="stmt"/>
          <line num="104" count="1" type="stmt"/>
          <line num="105" count="1" type="stmt"/>
          <line num="107" count="1" type="stmt"/>
        </file>
        <file name="Switcher.js" path="/Users/mattapperson/Development/nachos-ui/src/Switcher.js">
          <metrics statements="20" coveredstatements="17" conditionals="17" coveredconditionals="13" methods="6" coveredmethods="4"/>
          <line num="29" count="2" type="cond" truecount="1" falsecount="1"/>
          <line num="34" count="0" type="stmt"/>
          <line num="35" count="2" type="cond" truecount="1" falsecount="1"/>
          <line num="37" count="2" type="stmt"/>
          <line num="38" count="5" type="stmt"/>
          <line num="44" count="0" type="stmt"/>
          <line num="45" count="0" type="stmt"/>
          <line num="49" count="2" type="stmt"/>
          <line num="51" count="2" type="stmt"/>
          <line num="54" count="6" type="stmt"/>
          <line num="60" count="6" type="cond" truecount="2" falsecount="0"/>
          <line num="61" count="2" type="stmt"/>
          <line num="62" count="4" type="cond" truecount="2" falsecount="0"/>
          <line num="63" count="2" type="stmt"/>
          <line num="66" count="6" type="cond" truecount="2" falsecount="0"/>
          <line num="67" count="1" type="stmt"/>
          <line num="73" count="6" type="cond" truecount="4" falsecount="0"/>
          <line num="74" count="3" type="stmt"/>
          <line num="77" count="6" type="stmt"/>
          <line num="78" count="6" type="stmt"/>
        </file>
        <file name="TabButton.js" path="/Users/mattapperson/Development/nachos-ui/src/TabButton.js">
          <metrics statements="7" coveredstatements="7" conditionals="2" coveredconditionals="2" methods="2" coveredmethods="2"/>
          <line num="6" count="2" type="stmt"/>
          <line num="18" count="4" type="stmt"/>
          <line num="20" count="2" type="stmt"/>
          <line num="21" count="4" type="stmt"/>
          <line num="25" count="4" type="stmt"/>
          <line num="28" count="2" type="stmt"/>
          <line num="33" count="2" type="stmt"/>
        </file>
        <file name="themeManager.js" path="/Users/mattapperson/Development/nachos-ui/src/themeManager.js">
          <metrics statements="0" coveredstatements="0" conditionals="0" coveredconditionals="0" methods="0" coveredmethods="0"/>
        </file>
      </package>
      <package name="src.typography">
        <metrics statements="80" coveredstatements="69" conditionals="32" coveredconditionals="20" methods="27" coveredmethods="22"/>
        <file name="A.js" path="/Users/mattapperson/Development/nachos-ui/src/typography/A.js">
          <metrics statements="17" coveredstatements="7" conditionals="10" coveredconditionals="2" methods="7" coveredmethods="3"/>
          <line num="7" count="1" type="stmt"/>
          <line num="13" count="1" type="stmt"/>
          <line num="15" count="1" type="stmt"/>
          <line num="16" count="1" type="stmt"/>
          <line num="40" count="0" type="cond" truecount="0" falsecount="2"/>
          <line num="41" count="0" type="stmt"/>
          <line num="42" count="0" type="cond" truecount="0" falsecount="2"/>
          <line num="43" count="0" type="stmt"/>
          <line num="47" count="0" type="cond" truecount="0" falsecount="2"/>
          <line num="48" count="0" type="stmt"/>
          <line num="51" count="0" type="stmt"/>
          <line num="52" count="0" type="cond" truecount="0" falsecount="2"/>
          <line num="53" count="0" type="stmt"/>
          <line num="55" count="0" type="stmt"/>
          <line num="63" count="1" type="cond" truecount="2" falsecount="0"/>
          <line num="64" count="1" type="stmt"/>
          <line num="65" count="1" type="stmt"/>
        </file>
        <file name="B.js" path="/Users/mattapperson/Development/nachos-ui/src/typography/B.js">
          <metrics statements="0" coveredstatements="0" conditionals="0" coveredconditionals="0" methods="0" coveredmethods="0"/>
        </file>
        <file name="Em.js" path="/Users/mattapperson/Development/nachos-ui/src/typography/Em.js">
          <metrics statements="6" coveredstatements="6" conditionals="2" coveredconditionals="2" methods="2" coveredmethods="2"/>
          <line num="6" count="1" type="stmt"/>
          <line num="12" count="1" type="stmt"/>
          <line num="14" count="1" type="stmt"/>
          <line num="15" count="1" type="stmt"/>
          <line num="19" count="1" type="stmt"/>
          <line num="22" count="1" type="stmt"/>
        </file>
        <file name="H1.js" path="/Users/mattapperson/Development/nachos-ui/src/typography/H1.js">
          <metrics statements="6" coveredstatements="6" conditionals="2" coveredconditionals="2" methods="2" coveredmethods="2"/>
          <line num="6" count="1" type="stmt"/>
          <line num="13" count="1" type="stmt"/>
          <line num="15" count="1" type="stmt"/>
          <line num="16" count="1" type="stmt"/>
          <line num="20" count="1" type="stmt"/>
          <line num="23" count="1" type="stmt"/>
        </file>
        <file name="H2.js" path="/Users/mattapperson/Development/nachos-ui/src/typography/H2.js">
          <metrics statements="6" coveredstatements="6" conditionals="2" coveredconditionals="2" methods="2" coveredmethods="2"/>
          <line num="6" count="1" type="stmt"/>
          <line num="13" count="1" type="stmt"/>
          <line num="15" count="1" type="stmt"/>
          <line num="16" count="1" type="stmt"/>
          <line num="20" count="1" type="stmt"/>
          <line num="23" count="1" type="stmt"/>
        </file>
        <file name="H3.js" path="/Users/mattapperson/Development/nachos-ui/src/typography/H3.js">
          <metrics statements="6" coveredstatements="6" conditionals="2" coveredconditionals="2" methods="2" coveredmethods="2"/>
          <line num="6" count="1" type="stmt"/>
          <line num="13" count="1" type="stmt"/>
          <line num="15" count="1" type="stmt"/>
          <line num="16" count="1" type="stmt"/>
          <line num="20" count="1" type="stmt"/>
          <line num="23" count="1" type="stmt"/>
        </file>
        <file name="H4.js" path="/Users/mattapperson/Development/nachos-ui/src/typography/H4.js">
          <metrics statements="6" coveredstatements="6" conditionals="2" coveredconditionals="2" methods="2" coveredmethods="2"/>
          <line num="6" count="1" type="stmt"/>
          <line num="13" count="1" type="stmt"/>
          <line num="15" count="1" type="stmt"/>
          <line num="16" count="1" type="stmt"/>
          <line num="20" count="1" type="stmt"/>
          <line num="23" count="1" type="stmt"/>
        </file>
        <file name="H5.js" path="/Users/mattapperson/Development/nachos-ui/src/typography/H5.js">
          <metrics statements="6" coveredstatements="6" conditionals="2" coveredconditionals="2" methods="2" coveredmethods="2"/>
          <line num="6" count="1" type="stmt"/>
          <line num="13" count="1" type="stmt"/>
          <line num="15" count="1" type="stmt"/>
          <line num="16" count="1" type="stmt"/>
          <line num="20" count="1" type="stmt"/>
          <line num="23" count="1" type="stmt"/>
        </file>
        <file name="H6.js" path="/Users/mattapperson/Development/nachos-ui/src/typography/H6.js">
          <metrics statements="6" coveredstatements="6" conditionals="2" coveredconditionals="2" methods="2" coveredmethods="2"/>
          <line num="6" count="1" type="stmt"/>
          <line num="12" count="1" type="stmt"/>
          <line num="14" count="1" type="stmt"/>
          <line num="15" count="1" type="stmt"/>
          <line num="19" count="1" type="stmt"/>
          <line num="22" count="1" type="stmt"/>
        </file>
        <file name="I.js" path="/Users/mattapperson/Development/nachos-ui/src/typography/I.js">
          <metrics statements="1" coveredstatements="0" conditionals="4" coveredconditionals="0" methods="1" coveredmethods="0"/>
          <line num="1" count="0" type="cond" truecount="0" falsecount="4"/>
        </file>
        <file name="P.js" path="/Users/mattapperson/Development/nachos-ui/src/typography/P.js">
          <metrics statements="0" coveredstatements="0" conditionals="0" coveredconditionals="0" methods="0" coveredmethods="0"/>
        </file>
        <file name="Strong.js" path="/Users/mattapperson/Development/nachos-ui/src/typography/Strong.js">
          <metrics statements="6" coveredstatements="6" conditionals="2" coveredconditionals="2" methods="2" coveredmethods="2"/>
          <line num="6" count="2" type="stmt"/>
          <line num="12" count="4" type="stmt"/>
          <line num="14" count="2" type="stmt"/>
          <line num="15" count="4" type="stmt"/>
          <line num="19" count="4" type="stmt"/>
          <line num="22" count="2" type="stmt"/>
        </file>
        <file name="Text.js" path="/Users/mattapperson/Development/nachos-ui/src/typography/Text.js">
          <metrics statements="14" coveredstatements="14" conditionals="2" coveredconditionals="2" methods="3" coveredmethods="3"/>
          <line num="7" count="12" type="stmt"/>
          <line num="16" count="13" type="stmt"/>
          <line num="18" count="12" type="stmt"/>
          <line num="19" count="14" type="stmt"/>
          <line num="28" count="12" type="stmt"/>
          <line num="29" count="14" type="cond" truecount="2" falsecount="0"/>
          <line num="30" count="14" type="stmt"/>
          <line num="31" count="14" type="stmt"/>
          <line num="32" count="14" type="stmt"/>
          <line num="38" count="14" type="stmt"/>
          <line num="39" count="14" type="stmt"/>
          <line num="41" count="14" type="stmt"/>
          <line num="44" count="12" type="stmt"/>
          <line num="50" count="12" type="stmt"/>
        </file>
      </package>
    </metrics>
  </project>
</coverage>
