{"/Users/mattapperson/Development/nachos-ui/src/Badge.js": {"path":"/Users/mattapperson/Development/nachos-ui/src/Badge.js","statementMap":{"0":{"start":{"line":6,"column":21},"end":{"line":13,"column":1}},"1":{"start":{"line":15,"column":0},"end":{"line":15,"column":51}},"2":{"start":{"line":15,"column":38},"end":{"line":15,"column":50}},"3":{"start":{"line":17,"column":21},"end":{"line":33,"column":1}},"4":{"start":{"line":18,"column":2},"end":{"line":32,"column":3}},"5":{"start":{"line":35,"column":14},"end":{"line":61,"column":1}},"6":{"start":{"line":41,"column":6},"end":{"line":41,"column":11}},"7":{"start":{"line":43,"column":16},"end":{"line":43,"column":61}},"8":{"start":{"line":44,"column":20},"end":{"line":44,"column":39}},"9":{"start":{"line":46,"column":2},"end":{"line":60,"column":3}},"10":{"start":{"line":63,"column":0},"end":{"line":72,"column":1}}},"fnMap":{"0":{"name":"(anonymous_0)","decl":{"start":{"line":15,"column":32},"end":{"line":15,"column":33}},"loc":{"start":{"line":15,"column":38},"end":{"line":15,"column":50}}},"1":{"name":"(anonymous_1)","decl":{"start":{"line":17,"column":21},"end":{"line":17,"column":22}},"loc":{"start":{"line":17,"column":32},"end":{"line":33,"column":1}}},"2":{"name":"(anonymous_2)","decl":{"start":{"line":35,"column":14},"end":{"line":35,"column":15}},"loc":{"start":{"line":35,"column":25},"end":{"line":61,"column":1}}}},"branchMap":{"0":{"loc":{"start":{"line":43,"column":16},"end":{"line":43,"column":61}},"type":"binary-expr","locations":[{"start":{"line":43,"column":16},"end":{"line":43,"column":27}},{"start":{"line":43,"column":31},"end":{"line":43,"column":61}}]},"1":{"loc":{"start":{"line":51,"column":10},"end":{"line":51,"column":49}},"type":"cond-expr","locations":[{"start":{"line":51,"column":18},"end":{"line":51,"column":44}},{"start":{"line":51,"column":47},"end":{"line":51,"column":49}}]}},"s":{"0":2,"1":2,"2":2,"3":2,"4":2,"5":2,"6":2,"7":2,"8":2,"9":2,"10":2},"f":{"0":2,"1":2,"2":2},"b":{"0":[2,2],"1":[2,0]},"_coverageSchema":"332fd63041d2c1bcb487cc26dd0d5f7d97098a6c","hash":"9aaa764d0288cfab5a5d19eef9622f7bedbb1c52"}
,"/Users/mattapperson/Development/nachos-ui/src/Bubble.js": {"path":"/Users/mattapperson/Development/nachos-ui/src/Bubble.js","statementMap":{"0":{"start":{"line":6,"column":21},"end":{"line":14,"column":1}},"1":{"start":{"line":16,"column":0},"end":{"line":16,"column":52}},"2":{"start":{"line":16,"column":39},"end":{"line":16,"column":51}},"3":{"start":{"line":18,"column":21},"end":{"line":100,"column":1}},"4":{"start":{"line":19,"column":2},"end":{"line":99,"column":3}},"5":{"start":{"line":60,"column":6},"end":{"line":97,"column":7}},"6":{"start":{"line":102,"column":15},"end":{"line":130,"column":1}},"7":{"start":{"line":107,"column":6},"end":{"line":107,"column":11}},"8":{"start":{"line":109,"column":16},"end":{"line":109,"column":62}},"9":{"start":{"line":110,"column":20},"end":{"line":110,"column":39}},"10":{"start":{"line":111,"column":16},"end":{"line":111,"column":54}},"11":{"start":{"line":113,"column":2},"end":{"line":129,"column":3}},"12":{"start":{"line":132,"column":0},"end":{"line":138,"column":1}},"13":{"start":{"line":140,"column":0},"end":{"line":142,"column":1}}},"fnMap":{"0":{"name":"(anonymous_0)","decl":{"start":{"line":16,"column":33},"end":{"line":16,"column":34}},"loc":{"start":{"line":16,"column":39},"end":{"line":16,"column":51}}},"1":{"name":"(anonymous_1)","decl":{"start":{"line":18,"column":21},"end":{"line":18,"column":22}},"loc":{"start":{"line":18,"column":32},"end":{"line":100,"column":1}}},"2":{"name":"(anonymous_2)","decl":{"start":{"line":59,"column":11},"end":{"line":59,"column":12}},"loc":{"start":{"line":59,"column":22},"end":{"line":98,"column":5}}},"3":{"name":"(anonymous_3)","decl":{"start":{"line":102,"column":15},"end":{"line":102,"column":16}},"loc":{"start":{"line":102,"column":26},"end":{"line":130,"column":1}}}},"branchMap":{"0":{"loc":{"start":{"line":109,"column":16},"end":{"line":109,"column":62}},"type":"binary-expr","locations":[{"start":{"line":109,"column":16},"end":{"line":109,"column":27}},{"start":{"line":109,"column":31},"end":{"line":109,"column":62}}]},"1":{"loc":{"start":{"line":111,"column":16},"end":{"line":111,"column":54}},"type":"binary-expr","locations":[{"start":{"line":111,"column":16},"end":{"line":111,"column":27}},{"start":{"line":111,"column":31},"end":{"line":111,"column":54}}]}},"s":{"0":1,"1":1,"2":1,"3":1,"4":1,"5":1,"6":1,"7":1,"8":1,"9":1,"10":1,"11":1,"12":1,"13":1},"f":{"0":1,"1":1,"2":1,"3":1},"b":{"0":[1,1],"1":[1,1]},"_coverageSchema":"332fd63041d2c1bcb487cc26dd0d5f7d97098a6c","hash":"3c6754bf305a73ec9aa863b4b4ad2bf66995f995"}
,"/Users/mattapperson/Development/nachos-ui/src/Button.js": {"path":"/Users/mattapperson/Development/nachos-ui/src/Button.js","statementMap":{"0":{"start":{"line":7,"column":21},"end":{"line":20,"column":1}},"1":{"start":{"line":22,"column":0},"end":{"line":22,"column":52}},"2":{"start":{"line":22,"column":39},"end":{"line":22,"column":51}},"3":{"start":{"line":24,"column":21},"end":{"line":66,"column":1}},"4":{"start":{"line":25,"column":2},"end":{"line":65,"column":3}},"5":{"start":{"line":68,"column":15},"end":{"line":174,"column":1}},"6":{"start":{"line":93,"column":6},"end":{"line":93,"column":11}},"7":{"start":{"line":95,"column":16},"end":{"line":95,"column":62}},"8":{"start":{"line":96,"column":20},"end":{"line":96,"column":39}},"9":{"start":{"line":99,"column":23},"end":{"line":103,"column":5}},"10":{"start":{"line":105,"column":25},"end":{"line":110,"column":3}},"11":{"start":{"line":112,"column":20},"end":{"line":117,"column":3}},"12":{"start":{"line":119,"column":21},"end":{"line":124,"column":3}},"13":{"start":{"line":128,"column":2},"end":{"line":142,"column":3}},"14":{"start":{"line":130,"column":6},"end":{"line":138,"column":8}},"15":{"start":{"line":140,"column":4},"end":{"line":140,"column":46}},"16":{"start":{"line":141,"column":4},"end":{"line":141,"column":48}},"17":{"start":{"line":145,"column":2},"end":{"line":151,"column":3}},"18":{"start":{"line":146,"column":4},"end":{"line":150,"column":5}},"19":{"start":{"line":153,"column":2},"end":{"line":173,"column":3}},"20":{"start":{"line":176,"column":0},"end":{"line":210,"column":1}},"21":{"start":{"line":212,"column":0},"end":{"line":224,"column":1}}},"fnMap":{"0":{"name":"(anonymous_0)","decl":{"start":{"line":22,"column":33},"end":{"line":22,"column":34}},"loc":{"start":{"line":22,"column":39},"end":{"line":22,"column":51}}},"1":{"name":"(anonymous_1)","decl":{"start":{"line":24,"column":21},"end":{"line":24,"column":22}},"loc":{"start":{"line":24,"column":32},"end":{"line":66,"column":1}}},"2":{"name":"(anonymous_2)","decl":{"start":{"line":68,"column":15},"end":{"line":68,"column":16}},"loc":{"start":{"line":68,"column":26},"end":{"line":174,"column":1}}},"3":{"name":"(anonymous_3)","decl":{"start":{"line":101,"column":15},"end":{"line":101,"column":16}},"loc":{"start":{"line":101,"column":21},"end":{"line":101,"column":23}}},"4":{"name":"(anonymous_4)","decl":{"start":{"line":218,"column":11},"end":{"line":218,"column":12}},"loc":{"start":{"line":218,"column":17},"end":{"line":218,"column":19}}},"5":{"name":"(anonymous_5)","decl":{"start":{"line":219,"column":13},"end":{"line":219,"column":14}},"loc":{"start":{"line":219,"column":19},"end":{"line":219,"column":21}}},"6":{"name":"(anonymous_6)","decl":{"start":{"line":220,"column":14},"end":{"line":220,"column":15}},"loc":{"start":{"line":220,"column":20},"end":{"line":220,"column":22}}},"7":{"name":"(anonymous_7)","decl":{"start":{"line":221,"column":15},"end":{"line":221,"column":16}},"loc":{"start":{"line":221,"column":21},"end":{"line":221,"column":23}}}},"branchMap":{"0":{"loc":{"start":{"line":95,"column":16},"end":{"line":95,"column":62}},"type":"binary-expr","locations":[{"start":{"line":95,"column":16},"end":{"line":95,"column":27}},{"start":{"line":95,"column":31},"end":{"line":95,"column":62}}]},"1":{"loc":{"start":{"line":99,"column":23},"end":{"line":103,"column":5}},"type":"binary-expr","locations":[{"start":{"line":99,"column":23},"end":{"line":99,"column":31}},{"start":{"line":100,"column":4},"end":{"line":103,"column":5}}]},"2":{"loc":{"start":{"line":123,"column":4},"end":{"line":123,"column":37}},"type":"cond-expr","locations":[{"start":{"line":123,"column":15},"end":{"line":123,"column":32}},{"start":{"line":123,"column":35},"end":{"line":123,"column":37}}]},"3":{"loc":{"start":{"line":128,"column":2},"end":{"line":142,"column":3}},"type":"if","locations":[{"start":{"line":128,"column":2},"end":{"line":142,"column":3}},{"start":{"line":128,"column":2},"end":{"line":142,"column":3}}]},"4":{"loc":{"start":{"line":132,"column":14},"end":{"line":132,"column":48}},"type":"binary-expr","locations":[{"start":{"line":132,"column":14},"end":{"line":132,"column":22}},{"start":{"line":132,"column":26},"end":{"line":132,"column":48}}]},"5":{"loc":{"start":{"line":134,"column":10},"end":{"line":136,"column":50}},"type":"cond-expr","locations":[{"start":{"line":135,"column":14},"end":{"line":135,"column":63}},{"start":{"line":136,"column":14},"end":{"line":136,"column":50}}]},"6":{"loc":{"start":{"line":135,"column":14},"end":{"line":135,"column":63}},"type":"binary-expr","locations":[{"start":{"line":135,"column":14},"end":{"line":135,"column":29}},{"start":{"line":135,"column":33},"end":{"line":135,"column":63}}]},"7":{"loc":{"start":{"line":136,"column":14},"end":{"line":136,"column":50}},"type":"binary-expr","locations":[{"start":{"line":136,"column":14},"end":{"line":136,"column":23}},{"start":{"line":136,"column":27},"end":{"line":136,"column":50}}]},"8":{"loc":{"start":{"line":140,"column":15},"end":{"line":140,"column":46}},"type":"binary-expr","locations":[{"start":{"line":140,"column":15},"end":{"line":140,"column":38}},{"start":{"line":140,"column":42},"end":{"line":140,"column":46}}]},"9":{"loc":{"start":{"line":141,"column":16},"end":{"line":141,"column":48}},"type":"binary-expr","locations":[{"start":{"line":141,"column":16},"end":{"line":141,"column":40}},{"start":{"line":141,"column":44},"end":{"line":141,"column":48}}]},"10":{"loc":{"start":{"line":145,"column":2},"end":{"line":151,"column":3}},"type":"if","locations":[{"start":{"line":145,"column":2},"end":{"line":151,"column":3}},{"start":{"line":145,"column":2},"end":{"line":151,"column":3}}]},"11":{"loc":{"start":{"line":148,"column":9},"end":{"line":148,"column":54}},"type":"cond-expr","locations":[{"start":{"line":148,"column":21},"end":{"line":148,"column":43}},{"start":{"line":148,"column":46},"end":{"line":148,"column":54}}]},"12":{"loc":{"start":{"line":155,"column":35},"end":{"line":155,"column":64}},"type":"cond-expr","locations":[{"start":{"line":155,"column":46},"end":{"line":155,"column":59}},{"start":{"line":155,"column":62},"end":{"line":155,"column":64}}]}},"s":{"0":4,"1":4,"2":8,"3":4,"4":8,"5":4,"6":8,"7":8,"8":8,"9":8,"10":8,"11":8,"12":8,"13":8,"14":4,"15":4,"16":4,"17":8,"18":8,"19":8,"20":4,"21":4},"f":{"0":8,"1":8,"2":8,"3":0,"4":0,"5":0,"6":0,"7":0},"b":{"0":[8,8],"1":[8,0],"2":[1,7],"3":[4,4],"4":[4,0],"5":[1,3],"6":[1,0],"7":[3,0],"8":[4,4],"9":[4,0],"10":[8,0],"11":[7,1],"12":[1,7]},"_coverageSchema":"332fd63041d2c1bcb487cc26dd0d5f7d97098a6c","hash":"a40fd7d00111743768de2b25e909184b3c8b2665"}
,"/Users/mattapperson/Development/nachos-ui/src/Card.js": {"path":"/Users/mattapperson/Development/nachos-ui/src/Card.js","statementMap":{"0":{"start":{"line":7,"column":21},"end":{"line":14,"column":1}},"1":{"start":{"line":16,"column":0},"end":{"line":16,"column":50}},"2":{"start":{"line":16,"column":37},"end":{"line":16,"column":49}},"3":{"start":{"line":18,"column":21},"end":{"line":55,"column":1}},"4":{"start":{"line":19,"column":2},"end":{"line":54,"column":3}},"5":{"start":{"line":57,"column":13},"end":{"line":108,"column":1}},"6":{"start":{"line":58,"column":28},"end":{"line":58,"column":33}},"7":{"start":{"line":60,"column":16},"end":{"line":60,"column":60}},"8":{"start":{"line":61,"column":20},"end":{"line":61,"column":39}},"9":{"start":{"line":64,"column":2},"end":{"line":66,"column":3}},"10":{"start":{"line":65,"column":4},"end":{"line":65,"column":37}},"11":{"start":{"line":69,"column":2},"end":{"line":78,"column":3}},"12":{"start":{"line":70,"column":4},"end":{"line":77,"column":5}},"13":{"start":{"line":81,"column":2},"end":{"line":97,"column":3}},"14":{"start":{"line":82,"column":21},"end":{"line":82,"column":60}},"15":{"start":{"line":83,"column":28},"end":{"line":83,"column":33}},"16":{"start":{"line":84,"column":4},"end":{"line":90,"column":5}},"17":{"start":{"line":85,"column":6},"end":{"line":89,"column":7}},"18":{"start":{"line":92,"column":4},"end":{"line":96,"column":5}},"19":{"start":{"line":99,"column":2},"end":{"line":107,"column":3}},"20":{"start":{"line":110,"column":0},"end":{"line":129,"column":1}}},"fnMap":{"0":{"name":"(anonymous_0)","decl":{"start":{"line":16,"column":31},"end":{"line":16,"column":32}},"loc":{"start":{"line":16,"column":37},"end":{"line":16,"column":49}}},"1":{"name":"(anonymous_1)","decl":{"start":{"line":18,"column":21},"end":{"line":18,"column":22}},"loc":{"start":{"line":18,"column":32},"end":{"line":55,"column":1}}},"2":{"name":"(anonymous_2)","decl":{"start":{"line":57,"column":13},"end":{"line":57,"column":14}},"loc":{"start":{"line":57,"column":24},"end":{"line":108,"column":1}}}},"branchMap":{"0":{"loc":{"start":{"line":60,"column":16},"end":{"line":60,"column":60}},"type":"binary-expr","locations":[{"start":{"line":60,"column":16},"end":{"line":60,"column":27}},{"start":{"line":60,"column":31},"end":{"line":60,"column":60}}]},"1":{"loc":{"start":{"line":64,"column":2},"end":{"line":66,"column":3}},"type":"if","locations":[{"start":{"line":64,"column":2},"end":{"line":66,"column":3}},{"start":{"line":64,"column":2},"end":{"line":66,"column":3}}]},"2":{"loc":{"start":{"line":69,"column":2},"end":{"line":78,"column":3}},"type":"if","locations":[{"start":{"line":69,"column":2},"end":{"line":78,"column":3}},{"start":{"line":69,"column":2},"end":{"line":78,"column":3}}]},"3":{"loc":{"start":{"line":81,"column":2},"end":{"line":97,"column":3}},"type":"if","locations":[{"start":{"line":81,"column":2},"end":{"line":97,"column":3}},{"start":{"line":81,"column":2},"end":{"line":97,"column":3}}]},"4":{"loc":{"start":{"line":84,"column":4},"end":{"line":90,"column":5}},"type":"if","locations":[{"start":{"line":84,"column":4},"end":{"line":90,"column":5}},{"start":{"line":84,"column":4},"end":{"line":90,"column":5}}]}},"s":{"0":1,"1":1,"2":2,"3":1,"4":2,"5":1,"6":2,"7":2,"8":2,"9":2,"10":0,"11":2,"12":1,"13":2,"14":2,"15":2,"16":2,"17":1,"18":2,"19":2,"20":1},"f":{"0":2,"1":2,"2":2},"b":{"0":[2,2],"1":[0,2],"2":[1,1],"3":[2,0],"4":[1,1]},"_coverageSchema":"332fd63041d2c1bcb487cc26dd0d5f7d97098a6c","hash":"b2ec3ca9e3ff554a2b88674acbf9ebc92ea93080"}
,"/Users/mattapperson/Development/nachos-ui/src/Carousel.js": {"path":"/Users/mattapperson/Development/nachos-ui/src/Carousel.js","statementMap":{"0":{"start":{"line":6,"column":21},"end":{"line":12,"column":1}},"1":{"start":{"line":14,"column":0},"end":{"line":14,"column":54}},"2":{"start":{"line":14,"column":41},"end":{"line":14,"column":53}},"3":{"start":{"line":16,"column":21},"end":{"line":37,"column":1}},"4":{"start":{"line":17,"column":2},"end":{"line":36,"column":3}},"5":{"start":{"line":63,"column":4},"end":{"line":65,"column":5}},"6":{"start":{"line":64,"column":6},"end":{"line":64,"column":12}},"7":{"start":{"line":67,"column":18},"end":{"line":68,"column":39}},"8":{"start":{"line":69,"column":22},"end":{"line":69,"column":41}},"9":{"start":{"line":70,"column":23},"end":{"line":70,"column":25}},"10":{"start":{"line":71,"column":25},"end":{"line":71,"column":27}},"11":{"start":{"line":72,"column":18},"end":{"line":72,"column":37}},"12":{"start":{"line":73,"column":4},"end":{"line":75,"column":5}},"13":{"start":{"line":74,"column":6},"end":{"line":74,"column":33}},"14":{"start":{"line":77,"column":4},"end":{"line":102,"column":6}},"15":{"start":{"line":78,"column":6},"end":{"line":84,"column":7}},"16":{"start":{"line":85,"column":6},"end":{"line":91,"column":7}},"17":{"start":{"line":86,"column":8},"end":{"line":90,"column":9}},"18":{"start":{"line":93,"column":6},"end":{"line":101,"column":7}},"19":{"start":{"line":104,"column":4},"end":{"line":108,"column":5}},"20":{"start":{"line":112,"column":18},"end":{"line":113,"column":39}},"21":{"start":{"line":114,"column":18},"end":{"line":114,"column":58}},"22":{"start":{"line":115,"column":24},"end":{"line":115,"column":61}},"23":{"start":{"line":116,"column":4},"end":{"line":116,"column":34}},"24":{"start":{"line":118,"column":4},"end":{"line":120,"column":5}},"25":{"start":{"line":119,"column":6},"end":{"line":119,"column":38}},"26":{"start":{"line":124,"column":4},"end":{"line":124,"column":34}},"27":{"start":{"line":125,"column":18},"end":{"line":126,"column":39}},"28":{"start":{"line":127,"column":18},"end":{"line":127,"column":58}},"29":{"start":{"line":128,"column":4},"end":{"line":132,"column":5}},"30":{"start":{"line":129,"column":6},"end":{"line":131,"column":8}},"31":{"start":{"line":136,"column":18},"end":{"line":137,"column":39}},"32":{"start":{"line":138,"column":18},"end":{"line":138,"column":58}},"33":{"start":{"line":139,"column":19},"end":{"line":139,"column":61}},"34":{"start":{"line":141,"column":22},"end":{"line":141,"column":41}},"35":{"start":{"line":142,"column":18},"end":{"line":142,"column":37}},"36":{"start":{"line":143,"column":4},"end":{"line":153,"column":5}},"37":{"start":{"line":144,"column":6},"end":{"line":152,"column":8}},"38":{"start":{"line":145,"column":8},"end":{"line":151,"column":9}},"39":{"start":{"line":155,"column":4},"end":{"line":179,"column":5}},"40":{"start":{"line":165,"column":12},"end":{"line":165,"column":41}}},"fnMap":{"0":{"name":"(anonymous_0)","decl":{"start":{"line":14,"column":35},"end":{"line":14,"column":36}},"loc":{"start":{"line":14,"column":41},"end":{"line":14,"column":53}}},"1":{"name":"(anonymous_1)","decl":{"start":{"line":16,"column":21},"end":{"line":16,"column":22}},"loc":{"start":{"line":16,"column":32},"end":{"line":37,"column":1}}},"2":{"name":"(anonymous_2)","decl":{"start":{"line":57,"column":14},"end":{"line":57,"column":15}},"loc":{"start":{"line":57,"column":20},"end":{"line":57,"column":22}}},"3":{"name":"(anonymous_3)","decl":{"start":{"line":62,"column":2},"end":{"line":62,"column":3}},"loc":{"start":{"line":62,"column":21},"end":{"line":109,"column":3}}},"4":{"name":"(anonymous_4)","decl":{"start":{"line":77,"column":20},"end":{"line":77,"column":21}},"loc":{"start":{"line":77,"column":38},"end":{"line":102,"column":5}}},"5":{"name":"(anonymous_5)","decl":{"start":{"line":111,"column":20},"end":{"line":111,"column":21}},"loc":{"start":{"line":111,"column":27},"end":{"line":121,"column":3}}},"6":{"name":"(anonymous_6)","decl":{"start":{"line":123,"column":2},"end":{"line":123,"column":3}},"loc":{"start":{"line":123,"column":33},"end":{"line":133,"column":3}}},"7":{"name":"(anonymous_7)","decl":{"start":{"line":135,"column":2},"end":{"line":135,"column":3}},"loc":{"start":{"line":135,"column":11},"end":{"line":180,"column":3}}},"8":{"name":"(anonymous_8)","decl":{"start":{"line":144,"column":38},"end":{"line":144,"column":39}},"loc":{"start":{"line":144,"column":56},"end":{"line":152,"column":7}}},"9":{"name":"(anonymous_9)","decl":{"start":{"line":164,"column":15},"end":{"line":164,"column":16}},"loc":{"start":{"line":164,"column":31},"end":{"line":166,"column":11}}}},"branchMap":{"0":{"loc":{"start":{"line":63,"column":4},"end":{"line":65,"column":5}},"type":"if","locations":[{"start":{"line":63,"column":4},"end":{"line":65,"column":5}},{"start":{"line":63,"column":4},"end":{"line":65,"column":5}}]},"1":{"loc":{"start":{"line":67,"column":18},"end":{"line":68,"column":39}},"type":"binary-expr","locations":[{"start":{"line":67,"column":18},"end":{"line":67,"column":34}},{"start":{"line":68,"column":6},"end":{"line":68,"column":39}}]},"2":{"loc":{"start":{"line":73,"column":4},"end":{"line":75,"column":5}},"type":"if","locations":[{"start":{"line":73,"column":4},"end":{"line":75,"column":5}},{"start":{"line":73,"column":4},"end":{"line":75,"column":5}}]},"3":{"loc":{"start":{"line":82,"column":10},"end":{"line":82,"column":67}},"type":"binary-expr","locations":[{"start":{"line":82,"column":10},"end":{"line":82,"column":34}},{"start":{"line":82,"column":38},"end":{"line":82,"column":67}}]},"4":{"loc":{"start":{"line":85,"column":6},"end":{"line":91,"column":7}},"type":"if","locations":[{"start":{"line":85,"column":6},"end":{"line":91,"column":7}},{"start":{"line":85,"column":6},"end":{"line":91,"column":7}}]},"5":{"loc":{"start":{"line":112,"column":18},"end":{"line":113,"column":39}},"type":"binary-expr","locations":[{"start":{"line":112,"column":18},"end":{"line":112,"column":34}},{"start":{"line":113,"column":6},"end":{"line":113,"column":39}}]},"6":{"loc":{"start":{"line":114,"column":18},"end":{"line":114,"column":58}},"type":"binary-expr","locations":[{"start":{"line":114,"column":18},"end":{"line":114,"column":34}},{"start":{"line":114,"column":38},"end":{"line":114,"column":58}}]},"7":{"loc":{"start":{"line":118,"column":4},"end":{"line":120,"column":5}},"type":"if","locations":[{"start":{"line":118,"column":4},"end":{"line":120,"column":5}},{"start":{"line":118,"column":4},"end":{"line":120,"column":5}}]},"8":{"loc":{"start":{"line":125,"column":18},"end":{"line":126,"column":39}},"type":"binary-expr","locations":[{"start":{"line":125,"column":18},"end":{"line":125,"column":34}},{"start":{"line":126,"column":6},"end":{"line":126,"column":39}}]},"9":{"loc":{"start":{"line":127,"column":18},"end":{"line":127,"column":58}},"type":"binary-expr","locations":[{"start":{"line":127,"column":18},"end":{"line":127,"column":34}},{"start":{"line":127,"column":38},"end":{"line":127,"column":58}}]},"10":{"loc":{"start":{"line":128,"column":4},"end":{"line":132,"column":5}},"type":"if","locations":[{"start":{"line":128,"column":4},"end":{"line":132,"column":5}},{"start":{"line":128,"column":4},"end":{"line":132,"column":5}}]},"11":{"loc":{"start":{"line":136,"column":18},"end":{"line":137,"column":39}},"type":"binary-expr","locations":[{"start":{"line":136,"column":18},"end":{"line":136,"column":34}},{"start":{"line":137,"column":6},"end":{"line":137,"column":39}}]},"12":{"loc":{"start":{"line":138,"column":18},"end":{"line":138,"column":58}},"type":"binary-expr","locations":[{"start":{"line":138,"column":18},"end":{"line":138,"column":34}},{"start":{"line":138,"column":38},"end":{"line":138,"column":58}}]},"13":{"loc":{"start":{"line":139,"column":19},"end":{"line":139,"column":61}},"type":"binary-expr","locations":[{"start":{"line":139,"column":19},"end":{"line":139,"column":36}},{"start":{"line":139,"column":40},"end":{"line":139,"column":61}}]},"14":{"loc":{"start":{"line":143,"column":4},"end":{"line":153,"column":5}},"type":"if","locations":[{"start":{"line":143,"column":4},"end":{"line":153,"column":5}},{"start":{"line":143,"column":4},"end":{"line":153,"column":5}}]},"15":{"loc":{"start":{"line":160,"column":19},"end":{"line":160,"column":60}},"type":"cond-expr","locations":[{"start":{"line":160,"column":43},"end":{"line":160,"column":48}},{"start":{"line":160,"column":51},"end":{"line":160,"column":60}}]},"16":{"loc":{"start":{"line":161,"column":28},"end":{"line":161,"column":70}},"type":"cond-expr","locations":[{"start":{"line":161,"column":52},"end":{"line":161,"column":58}},{"start":{"line":161,"column":61},"end":{"line":161,"column":70}}]},"17":{"loc":{"start":{"line":162,"column":44},"end":{"line":162,"column":85}},"type":"cond-expr","locations":[{"start":{"line":162,"column":68},"end":{"line":162,"column":73}},{"start":{"line":162,"column":76},"end":{"line":162,"column":85}}]}},"s":{"0":1,"1":1,"2":3,"3":1,"4":3,"5":2,"6":1,"7":1,"8":1,"9":1,"10":1,"11":1,"12":1,"13":1,"14":1,"15":2,"16":2,"17":1,"18":2,"19":1,"20":0,"21":0,"22":0,"23":0,"24":0,"25":0,"26":0,"27":0,"28":0,"29":0,"30":0,"31":2,"32":2,"33":2,"34":2,"35":2,"36":2,"37":2,"38":4,"39":2,"40":2},"f":{"0":3,"1":3,"2":0,"3":2,"4":2,"5":0,"6":0,"7":2,"8":4,"9":2},"b":{"0":[1,1],"1":[1,1],"2":[1,0],"3":[2,2],"4":[1,1],"5":[0,0],"6":[0,0],"7":[0,0],"8":[0,0],"9":[0,0],"10":[0,0],"11":[2,2],"12":[2,2],"13":[2,1],"14":[2,0],"15":[0,2],"16":[0,2],"17":[0,2]},"_coverageSchema":"332fd63041d2c1bcb487cc26dd0d5f7d97098a6c","hash":"3306f4be2ac7766a7dfefcd7e5af6bd6f9566f1c"}
,"/Users/mattapperson/Development/nachos-ui/src/Checkbox.js": {"path":"/Users/mattapperson/Development/nachos-ui/src/Checkbox.js","statementMap":{"0":{"start":{"line":7,"column":21},"end":{"line":20,"column":1}},"1":{"start":{"line":22,"column":0},"end":{"line":22,"column":54}},"2":{"start":{"line":22,"column":41},"end":{"line":22,"column":53}},"3":{"start":{"line":24,"column":21},"end":{"line":71,"column":1}},"4":{"start":{"line":25,"column":2},"end":{"line":70,"column":3}},"5":{"start":{"line":73,"column":17},"end":{"line":139,"column":1}},"6":{"start":{"line":88,"column":6},"end":{"line":88,"column":11}},"7":{"start":{"line":90,"column":16},"end":{"line":90,"column":64}},"8":{"start":{"line":91,"column":20},"end":{"line":91,"column":39}},"9":{"start":{"line":94,"column":23},"end":{"line":98,"column":5}},"10":{"start":{"line":100,"column":20},"end":{"line":100,"column":39}},"11":{"start":{"line":103,"column":2},"end":{"line":115,"column":3}},"12":{"start":{"line":104,"column":4},"end":{"line":104,"column":62}},"13":{"start":{"line":105,"column":4},"end":{"line":114,"column":5}},"14":{"start":{"line":106,"column":6},"end":{"line":113,"column":7}},"15":{"start":{"line":117,"column":24},"end":{"line":124,"column":3}},"16":{"start":{"line":126,"column":2},"end":{"line":138,"column":3}},"17":{"start":{"line":132,"column":23},"end":{"line":132,"column":46}},"18":{"start":{"line":141,"column":0},"end":{"line":159,"column":1}},"19":{"start":{"line":161,"column":0},"end":{"line":169,"column":1}}},"fnMap":{"0":{"name":"(anonymous_0)","decl":{"start":{"line":22,"column":35},"end":{"line":22,"column":36}},"loc":{"start":{"line":22,"column":41},"end":{"line":22,"column":53}}},"1":{"name":"(anonymous_1)","decl":{"start":{"line":24,"column":21},"end":{"line":24,"column":22}},"loc":{"start":{"line":24,"column":32},"end":{"line":71,"column":1}}},"2":{"name":"(anonymous_2)","decl":{"start":{"line":73,"column":17},"end":{"line":73,"column":18}},"loc":{"start":{"line":73,"column":28},"end":{"line":139,"column":1}}},"3":{"name":"(anonymous_3)","decl":{"start":{"line":96,"column":15},"end":{"line":96,"column":16}},"loc":{"start":{"line":96,"column":21},"end":{"line":96,"column":23}}},"4":{"name":"(anonymous_4)","decl":{"start":{"line":132,"column":17},"end":{"line":132,"column":18}},"loc":{"start":{"line":132,"column":23},"end":{"line":132,"column":46}}},"5":{"name":"(anonymous_5)","decl":{"start":{"line":167,"column":17},"end":{"line":167,"column":18}},"loc":{"start":{"line":167,"column":23},"end":{"line":167,"column":25}}}},"branchMap":{"0":{"loc":{"start":{"line":90,"column":16},"end":{"line":90,"column":64}},"type":"binary-expr","locations":[{"start":{"line":90,"column":16},"end":{"line":90,"column":27}},{"start":{"line":90,"column":31},"end":{"line":90,"column":64}}]},"1":{"loc":{"start":{"line":94,"column":23},"end":{"line":98,"column":5}},"type":"binary-expr","locations":[{"start":{"line":94,"column":23},"end":{"line":94,"column":31}},{"start":{"line":95,"column":4},"end":{"line":98,"column":5}}]},"2":{"loc":{"start":{"line":100,"column":20},"end":{"line":100,"column":39}},"type":"binary-expr","locations":[{"start":{"line":100,"column":20},"end":{"line":100,"column":27}},{"start":{"line":100,"column":31},"end":{"line":100,"column":39}}]},"3":{"loc":{"start":{"line":103,"column":2},"end":{"line":115,"column":3}},"type":"if","locations":[{"start":{"line":103,"column":2},"end":{"line":115,"column":3}},{"start":{"line":103,"column":2},"end":{"line":115,"column":3}}]},"4":{"loc":{"start":{"line":105,"column":4},"end":{"line":114,"column":5}},"type":"if","locations":[{"start":{"line":105,"column":4},"end":{"line":114,"column":5}},{"start":{"line":105,"column":4},"end":{"line":114,"column":5}}]},"5":{"loc":{"start":{"line":108,"column":16},"end":{"line":108,"column":58}},"type":"binary-expr","locations":[{"start":{"line":108,"column":16},"end":{"line":108,"column":24}},{"start":{"line":108,"column":28},"end":{"line":108,"column":58}}]},"6":{"loc":{"start":{"line":120,"column":4},"end":{"line":122,"column":31}},"type":"cond-expr","locations":[{"start":{"line":121,"column":8},"end":{"line":121,"column":36}},{"start":{"line":122,"column":8},"end":{"line":122,"column":31}}]},"7":{"loc":{"start":{"line":120,"column":4},"end":{"line":120,"column":37}},"type":"binary-expr","locations":[{"start":{"line":120,"column":4},"end":{"line":120,"column":13}},{"start":{"line":120,"column":17},"end":{"line":120,"column":37}}]},"8":{"loc":{"start":{"line":127,"column":17},"end":{"line":127,"column":46}},"type":"cond-expr","locations":[{"start":{"line":127,"column":28},"end":{"line":127,"column":41}},{"start":{"line":127,"column":44},"end":{"line":127,"column":46}}]}},"s":{"0":3,"1":3,"2":7,"3":3,"4":7,"5":3,"6":7,"7":7,"8":7,"9":7,"10":7,"11":7,"12":1,"13":1,"14":1,"15":7,"16":7,"17":1,"18":3,"19":3},"f":{"0":7,"1":7,"2":7,"3":0,"4":1,"5":0},"b":{"0":[7,7],"1":[7,3],"2":[7,6],"3":[1,6],"4":[1,0],"5":[1,1],"6":[1,6],"7":[7,1],"8":[1,6]},"_coverageSchema":"332fd63041d2c1bcb487cc26dd0d5f7d97098a6c","hash":"63673c6403744dd0d028e0cc685d897fd564ed8a"}
,"/Users/mattapperson/Development/nachos-ui/src/Gravatar.js": {"path":"/Users/mattapperson/Development/nachos-ui/src/Gravatar.js","statementMap":{"0":{"start":{"line":34,"column":17},"end":{"line":34,"column":65}},"1":{"start":{"line":35,"column":18},"end":{"line":39,"column":6}},"2":{"start":{"line":42,"column":27},"end":{"line":42,"column":69}},"3":{"start":{"line":45,"column":4},"end":{"line":54,"column":5}},"4":{"start":{"line":46,"column":6},"end":{"line":46,"column":27}},"5":{"start":{"line":47,"column":11},"end":{"line":54,"column":5}},"6":{"start":{"line":48,"column":6},"end":{"line":48,"column":32}},"7":{"start":{"line":50,"column":6},"end":{"line":52,"column":7}},"8":{"start":{"line":53,"column":6},"end":{"line":53,"column":12}},"9":{"start":{"line":56,"column":16},"end":{"line":56,"column":41}},"10":{"start":{"line":60,"column":24},"end":{"line":60,"column":34}},"11":{"start":{"line":61,"column":4},"end":{"line":61,"column":19}},"12":{"start":{"line":62,"column":4},"end":{"line":62,"column":21}},"13":{"start":{"line":63,"column":4},"end":{"line":63,"column":24}},"14":{"start":{"line":64,"column":4},"end":{"line":64,"column":22}},"15":{"start":{"line":65,"column":4},"end":{"line":65,"column":20}},"16":{"start":{"line":66,"column":4},"end":{"line":66,"column":21}},"17":{"start":{"line":67,"column":4},"end":{"line":67,"column":25}},"18":{"start":{"line":68,"column":4},"end":{"line":68,"column":23}},"19":{"start":{"line":69,"column":4},"end":{"line":69,"column":22}},"20":{"start":{"line":71,"column":4},"end":{"line":83,"column":5}}},"fnMap":{"0":{"name":"(anonymous_0)","decl":{"start":{"line":33,"column":2},"end":{"line":33,"column":3}},"loc":{"start":{"line":33,"column":11},"end":{"line":84,"column":3}}}},"branchMap":{"0":{"loc":{"start":{"line":45,"column":4},"end":{"line":54,"column":5}},"type":"if","locations":[{"start":{"line":45,"column":4},"end":{"line":54,"column":5}},{"start":{"line":45,"column":4},"end":{"line":54,"column":5}}]},"1":{"loc":{"start":{"line":47,"column":11},"end":{"line":54,"column":5}},"type":"if","locations":[{"start":{"line":47,"column":11},"end":{"line":54,"column":5}},{"start":{"line":47,"column":11},"end":{"line":54,"column":5}}]},"2":{"loc":{"start":{"line":75,"column":10},"end":{"line":77,"column":16}},"type":"cond-expr","locations":[{"start":{"line":76,"column":14},"end":{"line":76,"column":51}},{"start":{"line":77,"column":14},"end":{"line":77,"column":16}}]}},"s":{"0":1,"1":1,"2":1,"3":1,"4":0,"5":1,"6":1,"7":0,"8":0,"9":1,"10":1,"11":1,"12":1,"13":1,"14":1,"15":1,"16":1,"17":1,"18":1,"19":1,"20":1},"f":{"0":1},"b":{"0":[0,1],"1":[1,0],"2":[0,1]},"_coverageSchema":"332fd63041d2c1bcb487cc26dd0d5f7d97098a6c","hash":"30687de1f628be56e705388cf1f94f13519db861"}
,"/Users/mattapperson/Development/nachos-ui/src/Indicator.js": {"path":"/Users/mattapperson/Development/nachos-ui/src/Indicator.js","statementMap":{"0":{"start":{"line":8,"column":21},"end":{"line":12,"column":1}},"1":{"start":{"line":14,"column":0},"end":{"line":14,"column":55}},"2":{"start":{"line":14,"column":42},"end":{"line":14,"column":54}},"3":{"start":{"line":16,"column":21},"end":{"line":29,"column":1}},"4":{"start":{"line":17,"column":2},"end":{"line":28,"column":3}},"5":{"start":{"line":61,"column":30},"end":{"line":61,"column":54}},"6":{"start":{"line":62,"column":4},"end":{"line":65,"column":6}},"7":{"start":{"line":76,"column":8},"end":{"line":76,"column":18}},"8":{"start":{"line":78,"column":18},"end":{"line":79,"column":40}},"9":{"start":{"line":80,"column":22},"end":{"line":80,"column":41}},"10":{"start":{"line":81,"column":28},"end":{"line":83,"column":6}},"11":{"start":{"line":85,"column":23},"end":{"line":85,"column":53}},"12":{"start":{"line":87,"column":28},"end":{"line":87,"column":31}},"13":{"start":{"line":88,"column":37},"end":{"line":88,"column":40}},"14":{"start":{"line":89,"column":26},"end":{"line":110,"column":5}},"15":{"start":{"line":112,"column":4},"end":{"line":123,"column":5}}},"fnMap":{"0":{"name":"(anonymous_0)","decl":{"start":{"line":14,"column":36},"end":{"line":14,"column":37}},"loc":{"start":{"line":14,"column":42},"end":{"line":14,"column":54}}},"1":{"name":"(anonymous_1)","decl":{"start":{"line":16,"column":21},"end":{"line":16,"column":22}},"loc":{"start":{"line":16,"column":32},"end":{"line":29,"column":1}}},"2":{"name":"(anonymous_2)","decl":{"start":{"line":60,"column":23},"end":{"line":60,"column":24}},"loc":{"start":{"line":60,"column":34},"end":{"line":66,"column":3}}},"3":{"name":"(anonymous_3)","decl":{"start":{"line":68,"column":2},"end":{"line":68,"column":3}},"loc":{"start":{"line":68,"column":11},"end":{"line":124,"column":3}}}},"branchMap":{"0":{"loc":{"start":{"line":78,"column":18},"end":{"line":79,"column":40}},"type":"binary-expr","locations":[{"start":{"line":78,"column":18},"end":{"line":78,"column":34}},{"start":{"line":79,"column":6},"end":{"line":79,"column":40}}]},"1":{"loc":{"start":{"line":85,"column":23},"end":{"line":85,"column":53}},"type":"binary-expr","locations":[{"start":{"line":85,"column":23},"end":{"line":85,"column":28}},{"start":{"line":85,"column":32},"end":{"line":85,"column":53}}]}},"s":{"0":1,"1":1,"2":1,"3":1,"4":1,"5":0,"6":0,"7":1,"8":1,"9":1,"10":1,"11":1,"12":1,"13":1,"14":1,"15":1},"f":{"0":1,"1":1,"2":0,"3":1},"b":{"0":[1,1],"1":[1,1]},"_coverageSchema":"332fd63041d2c1bcb487cc26dd0d5f7d97098a6c","hash":"cef1d50e74281f034337de973a665396052ede0e"}
,"/Users/mattapperson/Development/nachos-ui/src/Input.js": {"path":"/Users/mattapperson/Development/nachos-ui/src/Input.js","statementMap":{"0":{"start":{"line":7,"column":21},"end":{"line":18,"column":1}},"1":{"start":{"line":20,"column":0},"end":{"line":20,"column":51}},"2":{"start":{"line":20,"column":38},"end":{"line":20,"column":50}},"3":{"start":{"line":22,"column":21},"end":{"line":66,"column":1}},"4":{"start":{"line":23,"column":2},"end":{"line":65,"column":3}},"5":{"start":{"line":68,"column":14},"end":{"line":124,"column":1}},"6":{"start":{"line":69,"column":20},"end":{"line":69,"column":25}},"7":{"start":{"line":70,"column":16},"end":{"line":70,"column":61}},"8":{"start":{"line":71,"column":17},"end":{"line":71,"column":51}},"9":{"start":{"line":72,"column":20},"end":{"line":72,"column":39}},"10":{"start":{"line":73,"column":22},"end":{"line":73,"column":45}},"11":{"start":{"line":74,"column":15},"end":{"line":74,"column":63}},"12":{"start":{"line":75,"column":22},"end":{"line":75,"column":57}},"13":{"start":{"line":78,"column":2},"end":{"line":87,"column":3}},"14":{"start":{"line":79,"column":4},"end":{"line":86,"column":5}},"15":{"start":{"line":91,"column":20},"end":{"line":91,"column":25}},"16":{"start":{"line":92,"column":2},"end":{"line":92,"column":22}},"17":{"start":{"line":93,"column":2},"end":{"line":93,"column":24}},"18":{"start":{"line":94,"column":2},"end":{"line":94,"column":19}},"19":{"start":{"line":95,"column":2},"end":{"line":95,"column":22}},"20":{"start":{"line":96,"column":2},"end":{"line":96,"column":20}},"21":{"start":{"line":97,"column":2},"end":{"line":97,"column":18}},"22":{"start":{"line":98,"column":2},"end":{"line":98,"column":20}},"23":{"start":{"line":99,"column":2},"end":{"line":99,"column":19}},"24":{"start":{"line":101,"column":2},"end":{"line":123,"column":3}},"25":{"start":{"line":126,"column":0},"end":{"line":139,"column":1}},"26":{"start":{"line":141,"column":0},"end":{"line":145,"column":1}}},"fnMap":{"0":{"name":"(anonymous_0)","decl":{"start":{"line":20,"column":32},"end":{"line":20,"column":33}},"loc":{"start":{"line":20,"column":38},"end":{"line":20,"column":50}}},"1":{"name":"(anonymous_1)","decl":{"start":{"line":22,"column":21},"end":{"line":22,"column":22}},"loc":{"start":{"line":22,"column":32},"end":{"line":66,"column":1}}},"2":{"name":"(anonymous_2)","decl":{"start":{"line":68,"column":14},"end":{"line":68,"column":15}},"loc":{"start":{"line":68,"column":25},"end":{"line":124,"column":1}}}},"branchMap":{"0":{"loc":{"start":{"line":70,"column":16},"end":{"line":70,"column":61}},"type":"binary-expr","locations":[{"start":{"line":70,"column":16},"end":{"line":70,"column":27}},{"start":{"line":70,"column":31},"end":{"line":70,"column":61}}]},"1":{"loc":{"start":{"line":71,"column":17},"end":{"line":71,"column":51}},"type":"binary-expr","locations":[{"start":{"line":71,"column":17},"end":{"line":71,"column":29}},{"start":{"line":71,"column":33},"end":{"line":71,"column":51}}]},"2":{"loc":{"start":{"line":74,"column":15},"end":{"line":74,"column":63}},"type":"binary-expr","locations":[{"start":{"line":74,"column":15},"end":{"line":74,"column":25}},{"start":{"line":74,"column":29},"end":{"line":74,"column":63}}]},"3":{"loc":{"start":{"line":78,"column":2},"end":{"line":87,"column":3}},"type":"if","locations":[{"start":{"line":78,"column":2},"end":{"line":87,"column":3}},{"start":{"line":78,"column":2},"end":{"line":87,"column":3}}]},"4":{"loc":{"start":{"line":108,"column":8},"end":{"line":108,"column":48}},"type":"cond-expr","locations":[{"start":{"line":108,"column":25},"end":{"line":108,"column":43}},{"start":{"line":108,"column":46},"end":{"line":108,"column":48}}]}},"s":{"0":1,"1":1,"2":2,"3":1,"4":2,"5":1,"6":2,"7":2,"8":2,"9":2,"10":2,"11":2,"12":2,"13":2,"14":0,"15":2,"16":2,"17":2,"18":2,"19":2,"20":2,"21":2,"22":2,"23":2,"24":2,"25":1,"26":1},"f":{"0":2,"1":2,"2":2},"b":{"0":[2,2],"1":[2,2],"2":[2,2],"3":[0,2],"4":[1,1]},"_coverageSchema":"332fd63041d2c1bcb487cc26dd0d5f7d97098a6c","hash":"4e27d852a0b04b4a23629577d8dcc0ca49f5e77a"}
,"/Users/mattapperson/Development/nachos-ui/src/Progress.js": {"path":"/Users/mattapperson/Development/nachos-ui/src/Progress.js","statementMap":{"0":{"start":{"line":6,"column":21},"end":{"line":11,"column":1}},"1":{"start":{"line":13,"column":0},"end":{"line":13,"column":54}},"2":{"start":{"line":13,"column":41},"end":{"line":13,"column":53}},"3":{"start":{"line":15,"column":17},"end":{"line":44,"column":1}},"4":{"start":{"line":20,"column":6},"end":{"line":20,"column":11}},"5":{"start":{"line":21,"column":16},"end":{"line":21,"column":64}},"6":{"start":{"line":22,"column":16},"end":{"line":22,"column":51}},"7":{"start":{"line":23,"column":17},"end":{"line":23,"column":54}},"8":{"start":{"line":25,"column":21},"end":{"line":32,"column":3}},"9":{"start":{"line":33,"column":21},"end":{"line":38,"column":3}},"10":{"start":{"line":39,"column":2},"end":{"line":43,"column":3}},"11":{"start":{"line":46,"column":0},"end":{"line":53,"column":1}},"12":{"start":{"line":55,"column":0},"end":{"line":57,"column":1}}},"fnMap":{"0":{"name":"(anonymous_0)","decl":{"start":{"line":13,"column":35},"end":{"line":13,"column":36}},"loc":{"start":{"line":13,"column":41},"end":{"line":13,"column":53}}},"1":{"name":"(anonymous_1)","decl":{"start":{"line":15,"column":17},"end":{"line":15,"column":18}},"loc":{"start":{"line":15,"column":28},"end":{"line":44,"column":1}}}},"branchMap":{"0":{"loc":{"start":{"line":21,"column":16},"end":{"line":21,"column":64}},"type":"binary-expr","locations":[{"start":{"line":21,"column":16},"end":{"line":21,"column":27}},{"start":{"line":21,"column":31},"end":{"line":21,"column":64}}]},"1":{"loc":{"start":{"line":22,"column":16},"end":{"line":22,"column":51}},"type":"binary-expr","locations":[{"start":{"line":22,"column":16},"end":{"line":22,"column":27}},{"start":{"line":22,"column":31},"end":{"line":22,"column":51}}]},"2":{"loc":{"start":{"line":23,"column":17},"end":{"line":23,"column":54}},"type":"binary-expr","locations":[{"start":{"line":23,"column":17},"end":{"line":23,"column":29}},{"start":{"line":23,"column":33},"end":{"line":23,"column":54}}]},"3":{"loc":{"start":{"line":36,"column":21},"end":{"line":36,"column":57}},"type":"binary-expr","locations":[{"start":{"line":36,"column":21},"end":{"line":36,"column":26}},{"start":{"line":36,"column":30},"end":{"line":36,"column":57}}]}},"s":{"0":2,"1":2,"2":2,"3":2,"4":2,"5":2,"6":2,"7":2,"8":2,"9":2,"10":2,"11":2,"12":2},"f":{"0":2,"1":2},"b":{"0":[2,2],"1":[2,1],"2":[2,1],"3":[2,2]},"_coverageSchema":"332fd63041d2c1bcb487cc26dd0d5f7d97098a6c","hash":"f99a7633392e42a8d6dccce297f45f6a3e1780a2"}
,"/Users/mattapperson/Development/nachos-ui/src/Radio.js": {"path":"/Users/mattapperson/Development/nachos-ui/src/Radio.js","statementMap":{"0":{"start":{"line":5,"column":14},"end":{"line":7,"column":1}},"1":{"start":{"line":6,"column":2},"end":{"line":6,"column":32}},"2":{"start":{"line":9,"column":0},"end":{"line":12,"column":1}},"3":{"start":{"line":14,"column":0},"end":{"line":17,"column":1}}},"fnMap":{"0":{"name":"(anonymous_0)","decl":{"start":{"line":5,"column":14},"end":{"line":5,"column":15}},"loc":{"start":{"line":5,"column":25},"end":{"line":7,"column":1}}}},"branchMap":{},"s":{"0":2,"1":4,"2":2,"3":2},"f":{"0":4},"b":{},"_coverageSchema":"332fd63041d2c1bcb487cc26dd0d5f7d97098a6c","hash":"6a8c80c921e5ccb8c69f7c1aa00fdaafba6f065e"}
,"/Users/mattapperson/Development/nachos-ui/src/RadioGroup.js": {"path":"/Users/mattapperson/Development/nachos-ui/src/RadioGroup.js","statementMap":{"0":{"start":{"line":8,"column":21},"end":{"line":17,"column":1}},"1":{"start":{"line":19,"column":21},"end":{"line":37,"column":1}},"2":{"start":{"line":22,"column":2},"end":{"line":36,"column":3}},"3":{"start":{"line":24,"column":24},"end":{"line":24,"column":39}},"4":{"start":{"line":39,"column":19},"end":{"line":71,"column":1}},"5":{"start":{"line":48,"column":6},"end":{"line":48,"column":11}},"6":{"start":{"line":50,"column":2},"end":{"line":70,"column":3}},"7":{"start":{"line":58,"column":22},"end":{"line":58,"column":51}},"8":{"start":{"line":59,"column":8},"end":{"line":67,"column":9}},"9":{"start":{"line":73,"column":0},"end":{"line":84,"column":1}},"10":{"start":{"line":86,"column":0},"end":{"line":88,"column":1}}},"fnMap":{"0":{"name":"(anonymous_0)","decl":{"start":{"line":19,"column":21},"end":{"line":19,"column":22}},"loc":{"start":{"line":21,"column":5},"end":{"line":37,"column":1}}},"1":{"name":"(anonymous_1)","decl":{"start":{"line":24,"column":18},"end":{"line":24,"column":19}},"loc":{"start":{"line":24,"column":24},"end":{"line":24,"column":39}}},"2":{"name":"(anonymous_2)","decl":{"start":{"line":39,"column":19},"end":{"line":39,"column":20}},"loc":{"start":{"line":39,"column":30},"end":{"line":71,"column":1}}},"3":{"name":"(anonymous_3)","decl":{"start":{"line":57,"column":19},"end":{"line":57,"column":20}},"loc":{"start":{"line":57,"column":36},"end":{"line":68,"column":7}}}},"branchMap":{"0":{"loc":{"start":{"line":58,"column":22},"end":{"line":58,"column":51}},"type":"cond-expr","locations":[{"start":{"line":58,"column":31},"end":{"line":58,"column":44}},{"start":{"line":58,"column":47},"end":{"line":58,"column":51}}]}},"s":{"0":1,"1":1,"2":3,"3":0,"4":1,"5":1,"6":1,"7":3,"8":3,"9":1,"10":1},"f":{"0":3,"1":0,"2":1,"3":3},"b":{"0":[0,3]},"_coverageSchema":"332fd63041d2c1bcb487cc26dd0d5f7d97098a6c","hash":"41d15cc84c42410277a2310fa33e3c6ddfe35088"}
,"/Users/mattapperson/Development/nachos-ui/src/SegmentedControlButton.js": {"path":"/Users/mattapperson/Development/nachos-ui/src/SegmentedControlButton.js","statementMap":{"0":{"start":{"line":6,"column":21},"end":{"line":22,"column":1}},"1":{"start":{"line":24,"column":0},"end":{"line":24,"column":68}},"2":{"start":{"line":24,"column":55},"end":{"line":24,"column":67}},"3":{"start":{"line":26,"column":21},"end":{"line":75,"column":1}},"4":{"start":{"line":27,"column":2},"end":{"line":74,"column":3}},"5":{"start":{"line":77,"column":31},"end":{"line":141,"column":1}},"6":{"start":{"line":89,"column":6},"end":{"line":89,"column":11}},"7":{"start":{"line":91,"column":16},"end":{"line":92,"column":51}},"8":{"start":{"line":93,"column":20},"end":{"line":93,"column":39}},"9":{"start":{"line":96,"column":23},"end":{"line":100,"column":5}},"10":{"start":{"line":104,"column":22},"end":{"line":104,"column":27}},"11":{"start":{"line":105,"column":2},"end":{"line":105,"column":23}},"12":{"start":{"line":106,"column":2},"end":{"line":106,"column":19}},"13":{"start":{"line":107,"column":2},"end":{"line":107,"column":18}},"14":{"start":{"line":108,"column":2},"end":{"line":108,"column":19}},"15":{"start":{"line":109,"column":2},"end":{"line":109,"column":18}},"16":{"start":{"line":110,"column":2},"end":{"line":110,"column":22}},"17":{"start":{"line":111,"column":2},"end":{"line":111,"column":19}},"18":{"start":{"line":112,"column":2},"end":{"line":112,"column":23}},"19":{"start":{"line":113,"column":2},"end":{"line":113,"column":19}},"20":{"start":{"line":114,"column":2},"end":{"line":114,"column":18}},"21":{"start":{"line":116,"column":2},"end":{"line":140,"column":3}},"22":{"start":{"line":143,"column":0},"end":{"line":159,"column":1}},"23":{"start":{"line":161,"column":0},"end":{"line":163,"column":1}}},"fnMap":{"0":{"name":"(anonymous_0)","decl":{"start":{"line":24,"column":49},"end":{"line":24,"column":50}},"loc":{"start":{"line":24,"column":55},"end":{"line":24,"column":67}}},"1":{"name":"(anonymous_1)","decl":{"start":{"line":26,"column":21},"end":{"line":26,"column":22}},"loc":{"start":{"line":26,"column":32},"end":{"line":75,"column":1}}},"2":{"name":"(anonymous_2)","decl":{"start":{"line":77,"column":31},"end":{"line":77,"column":32}},"loc":{"start":{"line":77,"column":42},"end":{"line":141,"column":1}}},"3":{"name":"(anonymous_3)","decl":{"start":{"line":98,"column":15},"end":{"line":98,"column":16}},"loc":{"start":{"line":98,"column":21},"end":{"line":98,"column":23}}}},"branchMap":{"0":{"loc":{"start":{"line":91,"column":16},"end":{"line":92,"column":51}},"type":"binary-expr","locations":[{"start":{"line":91,"column":16},"end":{"line":91,"column":27}},{"start":{"line":92,"column":4},"end":{"line":92,"column":51}}]},"1":{"loc":{"start":{"line":96,"column":23},"end":{"line":100,"column":5}},"type":"binary-expr","locations":[{"start":{"line":96,"column":23},"end":{"line":96,"column":31}},{"start":{"line":97,"column":4},"end":{"line":100,"column":5}}]},"2":{"loc":{"start":{"line":127,"column":8},"end":{"line":127,"column":47}},"type":"cond-expr","locations":[{"start":{"line":127,"column":16},"end":{"line":127,"column":42}},{"start":{"line":127,"column":45},"end":{"line":127,"column":47}}]},"3":{"loc":{"start":{"line":128,"column":8},"end":{"line":128,"column":45}},"type":"cond-expr","locations":[{"start":{"line":128,"column":15},"end":{"line":128,"column":40}},{"start":{"line":128,"column":43},"end":{"line":128,"column":45}}]},"4":{"loc":{"start":{"line":129,"column":8},"end":{"line":129,"column":49}},"type":"cond-expr","locations":[{"start":{"line":129,"column":19},"end":{"line":129,"column":44}},{"start":{"line":129,"column":47},"end":{"line":129,"column":49}}]},"5":{"loc":{"start":{"line":134,"column":8},"end":{"line":134,"column":53}},"type":"cond-expr","locations":[{"start":{"line":134,"column":19},"end":{"line":134,"column":48}},{"start":{"line":134,"column":51},"end":{"line":134,"column":53}}]}},"s":{"0":3,"1":3,"2":3,"3":3,"4":5,"5":3,"6":5,"7":5,"8":5,"9":5,"10":5,"11":5,"12":5,"13":5,"14":5,"15":5,"16":5,"17":5,"18":5,"19":5,"20":5,"21":5,"22":3,"23":3},"f":{"0":3,"1":5,"2":5,"3":0},"b":{"0":[5,1],"1":[5,3],"2":[1,4],"3":[1,4],"4":[1,4],"5":[1,4]},"_coverageSchema":"332fd63041d2c1bcb487cc26dd0d5f7d97098a6c","hash":"da139af196cdcb2941294538c20b91d0adf022cb"}
,"/Users/mattapperson/Development/nachos-ui/src/Slider.js": {"path":"/Users/mattapperson/Development/nachos-ui/src/Slider.js","statementMap":{"0":{"start":{"line":6,"column":20},"end":{"line":6,"column":22}},"1":{"start":{"line":8,"column":14},"end":{"line":47,"column":1}},"2":{"start":{"line":74,"column":4},"end":{"line":81,"column":6}},"3":{"start":{"line":75,"column":46},"end":{"line":75,"column":51}},"4":{"start":{"line":76,"column":42},"end":{"line":76,"column":46}},"5":{"start":{"line":77,"column":49},"end":{"line":77,"column":53}},"6":{"start":{"line":78,"column":41},"end":{"line":78,"column":46}},"7":{"start":{"line":85,"column":4},"end":{"line":85,"column":41}},"8":{"start":{"line":89,"column":57},"end":{"line":89,"column":67}},"9":{"start":{"line":90,"column":24},"end":{"line":90,"column":66}},"10":{"start":{"line":91,"column":23},"end":{"line":91,"column":42}},"11":{"start":{"line":92,"column":24},"end":{"line":92,"column":56}},"12":{"start":{"line":93,"column":21},"end":{"line":93,"column":56}},"13":{"start":{"line":95,"column":4},"end":{"line":95,"column":67}},"14":{"start":{"line":107,"column":8},"end":{"line":107,"column":18}},"15":{"start":{"line":109,"column":21},"end":{"line":109,"column":50}},"16":{"start":{"line":110,"column":26},"end":{"line":112,"column":5}},"17":{"start":{"line":114,"column":4},"end":{"line":124,"column":5}}},"fnMap":{"0":{"name":"(anonymous_0)","decl":{"start":{"line":70,"column":19},"end":{"line":70,"column":20}},"loc":{"start":{"line":70,"column":25},"end":{"line":70,"column":27}}},"1":{"name":"(anonymous_1)","decl":{"start":{"line":73,"column":2},"end":{"line":73,"column":3}},"loc":{"start":{"line":73,"column":23},"end":{"line":82,"column":3}}},"2":{"name":"(anonymous_2)","decl":{"start":{"line":75,"column":40},"end":{"line":75,"column":41}},"loc":{"start":{"line":75,"column":46},"end":{"line":75,"column":51}}},"3":{"name":"(anonymous_3)","decl":{"start":{"line":76,"column":36},"end":{"line":76,"column":37}},"loc":{"start":{"line":76,"column":42},"end":{"line":76,"column":46}}},"4":{"name":"(anonymous_4)","decl":{"start":{"line":77,"column":43},"end":{"line":77,"column":44}},"loc":{"start":{"line":77,"column":49},"end":{"line":77,"column":53}}},"5":{"name":"(anonymous_5)","decl":{"start":{"line":78,"column":35},"end":{"line":78,"column":36}},"loc":{"start":{"line":78,"column":41},"end":{"line":78,"column":46}}},"6":{"name":"(anonymous_6)","decl":{"start":{"line":84,"column":29},"end":{"line":84,"column":30}},"loc":{"start":{"line":84,"column":35},"end":{"line":86,"column":3}}},"7":{"name":"(anonymous_7)","decl":{"start":{"line":88,"column":28},"end":{"line":88,"column":29}},"loc":{"start":{"line":88,"column":44},"end":{"line":96,"column":3}}},"8":{"name":"(anonymous_8)","decl":{"start":{"line":98,"column":2},"end":{"line":98,"column":3}},"loc":{"start":{"line":98,"column":11},"end":{"line":125,"column":3}}}},"branchMap":{"0":{"loc":{"start":{"line":35,"column":8},"end":{"line":39,"column":10}},"type":"cond-expr","locations":[{"start":{"line":36,"column":8},"end":{"line":38,"column":7}},{"start":{"line":39,"column":8},"end":{"line":39,"column":10}}]},"1":{"loc":{"start":{"line":40,"column":8},"end":{"line":45,"column":10}},"type":"cond-expr","locations":[{"start":{"line":41,"column":8},"end":{"line":44,"column":7}},{"start":{"line":45,"column":8},"end":{"line":45,"column":10}}]}},"s":{"0":1,"1":1,"2":1,"3":0,"4":0,"5":0,"6":0,"7":0,"8":0,"9":0,"10":0,"11":0,"12":0,"13":0,"14":1,"15":1,"16":1,"17":1},"f":{"0":0,"1":1,"2":0,"3":0,"4":0,"5":0,"6":0,"7":0,"8":1},"b":{"0":[1,0],"1":[0,1]},"_coverageSchema":"332fd63041d2c1bcb487cc26dd0d5f7d97098a6c","hash":"5bde6303726fb74a8601091d408054de1a83379a"}
,"/Users/mattapperson/Development/nachos-ui/src/Spinner.js": {"path":"/Users/mattapperson/Development/nachos-ui/src/Spinner.js","statementMap":{"0":{"start":{"line":6,"column":21},"end":{"line":10,"column":1}},"1":{"start":{"line":12,"column":0},"end":{"line":12,"column":53}},"2":{"start":{"line":12,"column":40},"end":{"line":12,"column":52}},"3":{"start":{"line":14,"column":21},"end":{"line":18,"column":1}},"4":{"start":{"line":15,"column":2},"end":{"line":17,"column":3}},"5":{"start":{"line":31,"column":4},"end":{"line":31,"column":16}},"6":{"start":{"line":32,"column":4},"end":{"line":32,"column":51}},"7":{"start":{"line":33,"column":4},"end":{"line":33,"column":52}},"8":{"start":{"line":34,"column":4},"end":{"line":34,"column":51}},"9":{"start":{"line":35,"column":4},"end":{"line":35,"column":37}},"10":{"start":{"line":39,"column":4},"end":{"line":39,"column":37}},"11":{"start":{"line":40,"column":4},"end":{"line":40,"column":26}},"12":{"start":{"line":44,"column":4},"end":{"line":44,"column":36}},"13":{"start":{"line":48,"column":28},"end":{"line":58,"column":5}},"14":{"start":{"line":49,"column":6},"end":{"line":57,"column":10}},"15":{"start":{"line":60,"column":30},"end":{"line":70,"column":5}},"16":{"start":{"line":61,"column":6},"end":{"line":61,"column":36}},"17":{"start":{"line":62,"column":6},"end":{"line":69,"column":8}},"18":{"start":{"line":63,"column":8},"end":{"line":68,"column":9}},"19":{"start":{"line":65,"column":12},"end":{"line":65,"column":21}},"20":{"start":{"line":72,"column":20},"end":{"line":80,"column":5}},"21":{"start":{"line":73,"column":6},"end":{"line":75,"column":7}},"22":{"start":{"line":74,"column":8},"end":{"line":74,"column":14}},"23":{"start":{"line":76,"column":6},"end":{"line":79,"column":30}},"24":{"start":{"line":77,"column":20},"end":{"line":77,"column":63}},"25":{"start":{"line":78,"column":20},"end":{"line":78,"column":62}},"26":{"start":{"line":79,"column":20},"end":{"line":79,"column":29}},"27":{"start":{"line":82,"column":4},"end":{"line":82,"column":13}},"28":{"start":{"line":86,"column":18},"end":{"line":89,"column":6}},"29":{"start":{"line":90,"column":4},"end":{"line":90,"column":16}},"30":{"start":{"line":94,"column":18},"end":{"line":95,"column":38}},"31":{"start":{"line":96,"column":22},"end":{"line":96,"column":41}},"32":{"start":{"line":97,"column":24},"end":{"line":102,"column":5}},"33":{"start":{"line":103,"column":23},"end":{"line":103,"column":65}},"34":{"start":{"line":104,"column":24},"end":{"line":104,"column":67}},"35":{"start":{"line":105,"column":23},"end":{"line":105,"column":65}},"36":{"start":{"line":107,"column":4},"end":{"line":128,"column":5}}},"fnMap":{"0":{"name":"(anonymous_0)","decl":{"start":{"line":12,"column":34},"end":{"line":12,"column":35}},"loc":{"start":{"line":12,"column":40},"end":{"line":12,"column":52}}},"1":{"name":"(anonymous_1)","decl":{"start":{"line":14,"column":21},"end":{"line":14,"column":22}},"loc":{"start":{"line":14,"column":32},"end":{"line":18,"column":1}}},"2":{"name":"(anonymous_2)","decl":{"start":{"line":30,"column":2},"end":{"line":30,"column":3}},"loc":{"start":{"line":30,"column":21},"end":{"line":36,"column":3}}},"3":{"name":"(anonymous_3)","decl":{"start":{"line":38,"column":2},"end":{"line":38,"column":3}},"loc":{"start":{"line":38,"column":22},"end":{"line":41,"column":3}}},"4":{"name":"(anonymous_4)","decl":{"start":{"line":43,"column":2},"end":{"line":43,"column":3}},"loc":{"start":{"line":43,"column":25},"end":{"line":45,"column":3}}},"5":{"name":"(anonymous_5)","decl":{"start":{"line":47,"column":20},"end":{"line":47,"column":21}},"loc":{"start":{"line":47,"column":26},"end":{"line":83,"column":3}}},"6":{"name":"(anonymous_6)","decl":{"start":{"line":48,"column":28},"end":{"line":48,"column":29}},"loc":{"start":{"line":48,"column":39},"end":{"line":58,"column":5}}},"7":{"name":"(anonymous_7)","decl":{"start":{"line":60,"column":30},"end":{"line":60,"column":31}},"loc":{"start":{"line":60,"column":41},"end":{"line":70,"column":5}}},"8":{"name":"(anonymous_8)","decl":{"start":{"line":62,"column":25},"end":{"line":62,"column":26}},"loc":{"start":{"line":62,"column":38},"end":{"line":69,"column":7}}},"9":{"name":"(anonymous_9)","decl":{"start":{"line":64,"column":10},"end":{"line":64,"column":11}},"loc":{"start":{"line":64,"column":16},"end":{"line":66,"column":11}}},"10":{"name":"(anonymous_10)","decl":{"start":{"line":72,"column":20},"end":{"line":72,"column":21}},"loc":{"start":{"line":72,"column":26},"end":{"line":80,"column":5}}},"11":{"name":"(anonymous_11)","decl":{"start":{"line":77,"column":14},"end":{"line":77,"column":15}},"loc":{"start":{"line":77,"column":20},"end":{"line":77,"column":63}}},"12":{"name":"(anonymous_12)","decl":{"start":{"line":78,"column":14},"end":{"line":78,"column":15}},"loc":{"start":{"line":78,"column":20},"end":{"line":78,"column":62}}},"13":{"name":"(anonymous_13)","decl":{"start":{"line":79,"column":14},"end":{"line":79,"column":15}},"loc":{"start":{"line":79,"column":20},"end":{"line":79,"column":29}}},"14":{"name":"(anonymous_14)","decl":{"start":{"line":85,"column":17},"end":{"line":85,"column":18}},"loc":{"start":{"line":85,"column":28},"end":{"line":91,"column":3}}},"15":{"name":"(anonymous_15)","decl":{"start":{"line":93,"column":2},"end":{"line":93,"column":3}},"loc":{"start":{"line":93,"column":11},"end":{"line":129,"column":3}}}},"branchMap":{"0":{"loc":{"start":{"line":73,"column":6},"end":{"line":75,"column":7}},"type":"if","locations":[{"start":{"line":73,"column":6},"end":{"line":75,"column":7}},{"start":{"line":73,"column":6},"end":{"line":75,"column":7}}]},"1":{"loc":{"start":{"line":94,"column":18},"end":{"line":95,"column":38}},"type":"binary-expr","locations":[{"start":{"line":94,"column":18},"end":{"line":94,"column":34}},{"start":{"line":95,"column":6},"end":{"line":95,"column":38}}]},"2":{"loc":{"start":{"line":98,"column":13},"end":{"line":98,"column":50}},"type":"binary-expr","locations":[{"start":{"line":98,"column":13},"end":{"line":98,"column":28}},{"start":{"line":98,"column":32},"end":{"line":98,"column":50}}]},"3":{"loc":{"start":{"line":99,"column":14},"end":{"line":99,"column":51}},"type":"binary-expr","locations":[{"start":{"line":99,"column":14},"end":{"line":99,"column":29}},{"start":{"line":99,"column":33},"end":{"line":99,"column":51}}]},"4":{"loc":{"start":{"line":100,"column":20},"end":{"line":100,"column":57}},"type":"binary-expr","locations":[{"start":{"line":100,"column":20},"end":{"line":100,"column":35}},{"start":{"line":100,"column":39},"end":{"line":100,"column":57}}]},"5":{"loc":{"start":{"line":101,"column":23},"end":{"line":101,"column":62}},"type":"binary-expr","locations":[{"start":{"line":101,"column":23},"end":{"line":101,"column":39}},{"start":{"line":101,"column":43},"end":{"line":101,"column":62}}]}},"s":{"0":1,"1":1,"2":1,"3":1,"4":1,"5":1,"6":1,"7":1,"8":1,"9":1,"10":1,"11":1,"12":0,"13":1,"14":1,"15":1,"16":1,"17":1,"18":1,"19":0,"20":1,"21":1,"22":0,"23":1,"24":0,"25":0,"26":0,"27":1,"28":3,"29":3,"30":1,"31":1,"32":1,"33":1,"34":1,"35":1,"36":1},"f":{"0":1,"1":1,"2":1,"3":1,"4":0,"5":1,"6":1,"7":1,"8":1,"9":0,"10":1,"11":0,"12":0,"13":0,"14":3,"15":1},"b":{"0":[0,1],"1":[1,1],"2":[1,1],"3":[1,1],"4":[1,1],"5":[1,1]},"_coverageSchema":"332fd63041d2c1bcb487cc26dd0d5f7d97098a6c","hash":"5c7a7f8347def6501e9882c7cb4aa3d34e447ba3"}
,"/Users/mattapperson/Development/nachos-ui/src/Switcher.js": {"path":"/Users/mattapperson/Development/nachos-ui/src/Switcher.js","statementMap":{"0":{"start":{"line":29,"column":4},"end":{"line":40,"column":5}},"1":{"start":{"line":34,"column":6},"end":{"line":34,"column":28}},"2":{"start":{"line":35,"column":11},"end":{"line":40,"column":5}},"3":{"start":{"line":37,"column":6},"end":{"line":39,"column":7}},"4":{"start":{"line":38,"column":17},"end":{"line":38,"column":54}},"5":{"start":{"line":44,"column":4},"end":{"line":44,"column":38}},"6":{"start":{"line":45,"column":4},"end":{"line":45,"column":30}},"7":{"start":{"line":49,"column":57},"end":{"line":49,"column":67}},"8":{"start":{"line":51,"column":4},"end":{"line":81,"column":5}},"9":{"start":{"line":54,"column":29},"end":{"line":58,"column":11}},"10":{"start":{"line":60,"column":10},"end":{"line":64,"column":11}},"11":{"start":{"line":61,"column":12},"end":{"line":61,"column":35}},"12":{"start":{"line":62,"column":17},"end":{"line":64,"column":11}},"13":{"start":{"line":63,"column":12},"end":{"line":63,"column":34}},"14":{"start":{"line":66,"column":10},"end":{"line":68,"column":11}},"15":{"start":{"line":67,"column":12},"end":{"line":67,"column":38}},"16":{"start":{"line":73,"column":10},"end":{"line":75,"column":11}},"17":{"start":{"line":74,"column":12},"end":{"line":74,"column":50}},"18":{"start":{"line":77,"column":25},"end":{"line":77,"column":62}},"19":{"start":{"line":78,"column":10},"end":{"line":78,"column":23}}},"fnMap":{"0":{"name":"(anonymous_0)","decl":{"start":{"line":21,"column":14},"end":{"line":21,"column":15}},"loc":{"start":{"line":21,"column":20},"end":{"line":21,"column":22}}},"1":{"name":"(anonymous_1)","decl":{"start":{"line":28,"column":2},"end":{"line":28,"column":3}},"loc":{"start":{"line":28,"column":40},"end":{"line":41,"column":3}}},"2":{"name":"(anonymous_2)","decl":{"start":{"line":38,"column":8},"end":{"line":38,"column":9}},"loc":{"start":{"line":38,"column":17},"end":{"line":38,"column":54}}},"3":{"name":"(anonymous_3)","decl":{"start":{"line":43,"column":2},"end":{"line":43,"column":3}},"loc":{"start":{"line":43,"column":30},"end":{"line":46,"column":3}}},"4":{"name":"(anonymous_4)","decl":{"start":{"line":48,"column":2},"end":{"line":48,"column":3}},"loc":{"start":{"line":48,"column":11},"end":{"line":82,"column":3}}},"5":{"name":"(anonymous_5)","decl":{"start":{"line":53,"column":22},"end":{"line":53,"column":23}},"loc":{"start":{"line":53,"column":40},"end":{"line":79,"column":9}}}},"branchMap":{"0":{"loc":{"start":{"line":29,"column":4},"end":{"line":40,"column":5}},"type":"if","locations":[{"start":{"line":29,"column":4},"end":{"line":40,"column":5}},{"start":{"line":29,"column":4},"end":{"line":40,"column":5}}]},"1":{"loc":{"start":{"line":30,"column":6},"end":{"line":32,"column":52}},"type":"binary-expr","locations":[{"start":{"line":30,"column":6},"end":{"line":30,"column":39}},{"start":{"line":31,"column":8},"end":{"line":31,"column":28}},{"start":{"line":32,"column":8},"end":{"line":32,"column":52}}]},"2":{"loc":{"start":{"line":35,"column":11},"end":{"line":40,"column":5}},"type":"if","locations":[{"start":{"line":35,"column":11},"end":{"line":40,"column":5}},{"start":{"line":35,"column":11},"end":{"line":40,"column":5}}]},"3":{"loc":{"start":{"line":60,"column":10},"end":{"line":64,"column":11}},"type":"if","locations":[{"start":{"line":60,"column":10},"end":{"line":64,"column":11}},{"start":{"line":60,"column":10},"end":{"line":64,"column":11}}]},"4":{"loc":{"start":{"line":62,"column":17},"end":{"line":64,"column":11}},"type":"if","locations":[{"start":{"line":62,"column":17},"end":{"line":64,"column":11}},{"start":{"line":62,"column":17},"end":{"line":64,"column":11}}]},"5":{"loc":{"start":{"line":66,"column":10},"end":{"line":68,"column":11}},"type":"if","locations":[{"start":{"line":66,"column":10},"end":{"line":68,"column":11}},{"start":{"line":66,"column":10},"end":{"line":68,"column":11}}]},"6":{"loc":{"start":{"line":73,"column":10},"end":{"line":75,"column":11}},"type":"if","locations":[{"start":{"line":73,"column":10},"end":{"line":75,"column":11}},{"start":{"line":73,"column":10},"end":{"line":75,"column":11}}]},"7":{"loc":{"start":{"line":73,"column":14},"end":{"line":73,"column":62}},"type":"binary-expr","locations":[{"start":{"line":73,"column":14},"end":{"line":73,"column":26}},{"start":{"line":73,"column":30},"end":{"line":73,"column":62}}]}},"s":{"0":2,"1":0,"2":2,"3":2,"4":5,"5":0,"6":0,"7":2,"8":2,"9":6,"10":6,"11":2,"12":4,"13":2,"14":6,"15":1,"16":6,"17":3,"18":6,"19":6},"f":{"0":0,"1":2,"2":5,"3":0,"4":2,"5":6},"b":{"0":[0,2],"1":[2,0,0],"2":[2,0],"3":[2,4],"4":[2,2],"5":[1,5],"6":[3,3],"7":[6,3]},"_coverageSchema":"332fd63041d2c1bcb487cc26dd0d5f7d97098a6c","hash":"d8dfe3094144f487379880148ea08f96ded5863a"}
,"/Users/mattapperson/Development/nachos-ui/src/TabButton.js": {"path":"/Users/mattapperson/Development/nachos-ui/src/TabButton.js","statementMap":{"0":{"start":{"line":6,"column":14},"end":{"line":16,"column":1}},"1":{"start":{"line":18,"column":0},"end":{"line":18,"column":48}},"2":{"start":{"line":18,"column":42},"end":{"line":18,"column":47}},"3":{"start":{"line":20,"column":18},"end":{"line":26,"column":1}},"4":{"start":{"line":21,"column":19},"end":{"line":24,"column":3}},"5":{"start":{"line":25,"column":2},"end":{"line":25,"column":49}},"6":{"start":{"line":28,"column":0},"end":{"line":31,"column":1}},"7":{"start":{"line":33,"column":0},"end":{"line":35,"column":1}}},"fnMap":{"0":{"name":"(anonymous_0)","decl":{"start":{"line":18,"column":36},"end":{"line":18,"column":37}},"loc":{"start":{"line":18,"column":42},"end":{"line":18,"column":47}}},"1":{"name":"(anonymous_1)","decl":{"start":{"line":20,"column":18},"end":{"line":20,"column":19}},"loc":{"start":{"line":20,"column":29},"end":{"line":26,"column":1}}}},"branchMap":{"0":{"loc":{"start":{"line":23,"column":11},"end":{"line":23,"column":60}},"type":"binary-expr","locations":[{"start":{"line":23,"column":11},"end":{"line":23,"column":22}},{"start":{"line":23,"column":26},"end":{"line":23,"column":60}}]}},"s":{"0":2,"1":2,"2":4,"3":2,"4":4,"5":4,"6":2,"7":2},"f":{"0":4,"1":4},"b":{"0":[4,4]},"_coverageSchema":"332fd63041d2c1bcb487cc26dd0d5f7d97098a6c","hash":"27762a604c93a235271731f25f0ee25bf33fb110"}
,"/Users/mattapperson/Development/nachos-ui/src/themeManager.js": {"path":"/Users/mattapperson/Development/nachos-ui/src/themeManager.js","statementMap":{},"fnMap":{},"branchMap":{},"s":{},"f":{},"b":{},"_coverageSchema":"332fd63041d2c1bcb487cc26dd0d5f7d97098a6c","hash":"509e7fc705cc1cbc3dec2cde2453a730628a9262"}
,"/Users/mattapperson/Development/nachos-ui/src/typography/A.js": {"path":"/Users/mattapperson/Development/nachos-ui/src/typography/A.js","statementMap":{"0":{"start":{"line":7,"column":21},"end":{"line":11,"column":1}},"1":{"start":{"line":13,"column":0},"end":{"line":13,"column":47}},"2":{"start":{"line":13,"column":34},"end":{"line":13,"column":46}},"3":{"start":{"line":15,"column":21},"end":{"line":22,"column":1}},"4":{"start":{"line":16,"column":2},"end":{"line":21,"column":3}},"5":{"start":{"line":40,"column":4},"end":{"line":45,"column":5}},"6":{"start":{"line":41,"column":6},"end":{"line":41,"column":27}},"7":{"start":{"line":42,"column":6},"end":{"line":44,"column":7}},"8":{"start":{"line":43,"column":8},"end":{"line":43,"column":14}},"9":{"start":{"line":47,"column":4},"end":{"line":49,"column":5}},"10":{"start":{"line":48,"column":6},"end":{"line":48,"column":12}},"11":{"start":{"line":51,"column":4},"end":{"line":59,"column":6}},"12":{"start":{"line":52,"column":6},"end":{"line":58,"column":7}},"13":{"start":{"line":53,"column":8},"end":{"line":53,"column":40}},"14":{"start":{"line":55,"column":8},"end":{"line":57,"column":9}},"15":{"start":{"line":63,"column":18},"end":{"line":63,"column":64}},"16":{"start":{"line":64,"column":22},"end":{"line":64,"column":41}},"17":{"start":{"line":65,"column":4},"end":{"line":73,"column":5}}},"fnMap":{"0":{"name":"(anonymous_0)","decl":{"start":{"line":13,"column":28},"end":{"line":13,"column":29}},"loc":{"start":{"line":13,"column":34},"end":{"line":13,"column":46}}},"1":{"name":"(anonymous_1)","decl":{"start":{"line":15,"column":21},"end":{"line":15,"column":22}},"loc":{"start":{"line":15,"column":32},"end":{"line":22,"column":1}}},"2":{"name":"(anonymous_2)","decl":{"start":{"line":35,"column":13},"end":{"line":35,"column":14}},"loc":{"start":{"line":35,"column":19},"end":{"line":35,"column":21}}},"3":{"name":"(anonymous_3)","decl":{"start":{"line":36,"column":13},"end":{"line":36,"column":14}},"loc":{"start":{"line":36,"column":19},"end":{"line":36,"column":21}}},"4":{"name":"(anonymous_4)","decl":{"start":{"line":39,"column":17},"end":{"line":39,"column":18}},"loc":{"start":{"line":39,"column":24},"end":{"line":60,"column":3}}},"5":{"name":"(anonymous_5)","decl":{"start":{"line":51,"column":45},"end":{"line":51,"column":46}},"loc":{"start":{"line":51,"column":60},"end":{"line":59,"column":5}}},"6":{"name":"(anonymous_6)","decl":{"start":{"line":62,"column":2},"end":{"line":62,"column":3}},"loc":{"start":{"line":62,"column":11},"end":{"line":74,"column":3}}}},"branchMap":{"0":{"loc":{"start":{"line":40,"column":4},"end":{"line":45,"column":5}},"type":"if","locations":[{"start":{"line":40,"column":4},"end":{"line":45,"column":5}},{"start":{"line":40,"column":4},"end":{"line":45,"column":5}}]},"1":{"loc":{"start":{"line":42,"column":6},"end":{"line":44,"column":7}},"type":"if","locations":[{"start":{"line":42,"column":6},"end":{"line":44,"column":7}},{"start":{"line":42,"column":6},"end":{"line":44,"column":7}}]},"2":{"loc":{"start":{"line":47,"column":4},"end":{"line":49,"column":5}},"type":"if","locations":[{"start":{"line":47,"column":4},"end":{"line":49,"column":5}},{"start":{"line":47,"column":4},"end":{"line":49,"column":5}}]},"3":{"loc":{"start":{"line":52,"column":6},"end":{"line":58,"column":7}},"type":"if","locations":[{"start":{"line":52,"column":6},"end":{"line":58,"column":7}},{"start":{"line":52,"column":6},"end":{"line":58,"column":7}}]},"4":{"loc":{"start":{"line":63,"column":18},"end":{"line":63,"column":64}},"type":"binary-expr","locations":[{"start":{"line":63,"column":18},"end":{"line":63,"column":34}},{"start":{"line":63,"column":38},"end":{"line":63,"column":64}}]}},"s":{"0":1,"1":1,"2":1,"3":1,"4":1,"5":0,"6":0,"7":0,"8":0,"9":0,"10":0,"11":0,"12":0,"13":0,"14":0,"15":1,"16":1,"17":1},"f":{"0":1,"1":1,"2":0,"3":0,"4":0,"5":0,"6":1},"b":{"0":[0,0],"1":[0,0],"2":[0,0],"3":[0,0],"4":[1,1]},"_coverageSchema":"332fd63041d2c1bcb487cc26dd0d5f7d97098a6c","hash":"220995335756a56c2cde23765e4dc3d77df7ebe3"}
,"/Users/mattapperson/Development/nachos-ui/src/typography/B.js": {"path":"/Users/mattapperson/Development/nachos-ui/src/typography/B.js","statementMap":{},"fnMap":{},"branchMap":{},"s":{},"f":{},"b":{},"_coverageSchema":"332fd63041d2c1bcb487cc26dd0d5f7d97098a6c","hash":"189f1527890d03b289e0cfae5b6ec9863c8ecf4f"}
,"/Users/mattapperson/Development/nachos-ui/src/typography/Em.js": {"path":"/Users/mattapperson/Development/nachos-ui/src/typography/Em.js","statementMap":{"0":{"start":{"line":6,"column":14},"end":{"line":10,"column":1}},"1":{"start":{"line":12,"column":0},"end":{"line":12,"column":41}},"2":{"start":{"line":12,"column":35},"end":{"line":12,"column":40}},"3":{"start":{"line":14,"column":11},"end":{"line":20,"column":1}},"4":{"start":{"line":15,"column":20},"end":{"line":18,"column":3}},"5":{"start":{"line":19,"column":2},"end":{"line":19,"column":32}},"6":{"start":{"line":22,"column":0},"end":{"line":22,"column":42}}},"fnMap":{"0":{"name":"(anonymous_0)","decl":{"start":{"line":12,"column":29},"end":{"line":12,"column":30}},"loc":{"start":{"line":12,"column":35},"end":{"line":12,"column":40}}},"1":{"name":"(anonymous_1)","decl":{"start":{"line":14,"column":11},"end":{"line":14,"column":12}},"loc":{"start":{"line":14,"column":22},"end":{"line":20,"column":1}}}},"branchMap":{"0":{"loc":{"start":{"line":17,"column":11},"end":{"line":17,"column":53}},"type":"binary-expr","locations":[{"start":{"line":17,"column":11},"end":{"line":17,"column":22}},{"start":{"line":17,"column":26},"end":{"line":17,"column":53}}]}},"s":{"0":1,"1":1,"2":1,"3":1,"4":1,"5":1,"6":1},"f":{"0":1,"1":1},"b":{"0":[1,1]},"_coverageSchema":"332fd63041d2c1bcb487cc26dd0d5f7d97098a6c","hash":"18e18655dc1f0fa439ce32c115e216a41043cbe4"}
,"/Users/mattapperson/Development/nachos-ui/src/typography/H1.js": {"path":"/Users/mattapperson/Development/nachos-ui/src/typography/H1.js","statementMap":{"0":{"start":{"line":6,"column":14},"end":{"line":11,"column":1}},"1":{"start":{"line":13,"column":0},"end":{"line":13,"column":41}},"2":{"start":{"line":13,"column":35},"end":{"line":13,"column":40}},"3":{"start":{"line":15,"column":11},"end":{"line":21,"column":1}},"4":{"start":{"line":16,"column":20},"end":{"line":19,"column":3}},"5":{"start":{"line":20,"column":2},"end":{"line":20,"column":32}},"6":{"start":{"line":23,"column":0},"end":{"line":23,"column":42}}},"fnMap":{"0":{"name":"(anonymous_0)","decl":{"start":{"line":13,"column":29},"end":{"line":13,"column":30}},"loc":{"start":{"line":13,"column":35},"end":{"line":13,"column":40}}},"1":{"name":"(anonymous_1)","decl":{"start":{"line":15,"column":11},"end":{"line":15,"column":12}},"loc":{"start":{"line":15,"column":22},"end":{"line":21,"column":1}}}},"branchMap":{"0":{"loc":{"start":{"line":18,"column":11},"end":{"line":18,"column":53}},"type":"binary-expr","locations":[{"start":{"line":18,"column":11},"end":{"line":18,"column":22}},{"start":{"line":18,"column":26},"end":{"line":18,"column":53}}]}},"s":{"0":1,"1":1,"2":1,"3":1,"4":1,"5":1,"6":1},"f":{"0":1,"1":1},"b":{"0":[1,1]},"_coverageSchema":"332fd63041d2c1bcb487cc26dd0d5f7d97098a6c","hash":"0ab0a052b73c21c8c59fa4067a7a06fe5ec3e364"}
,"/Users/mattapperson/Development/nachos-ui/src/typography/H2.js": {"path":"/Users/mattapperson/Development/nachos-ui/src/typography/H2.js","statementMap":{"0":{"start":{"line":6,"column":14},"end":{"line":11,"column":1}},"1":{"start":{"line":13,"column":0},"end":{"line":13,"column":41}},"2":{"start":{"line":13,"column":35},"end":{"line":13,"column":40}},"3":{"start":{"line":15,"column":11},"end":{"line":21,"column":1}},"4":{"start":{"line":16,"column":20},"end":{"line":19,"column":3}},"5":{"start":{"line":20,"column":2},"end":{"line":20,"column":32}},"6":{"start":{"line":23,"column":0},"end":{"line":23,"column":42}}},"fnMap":{"0":{"name":"(anonymous_0)","decl":{"start":{"line":13,"column":29},"end":{"line":13,"column":30}},"loc":{"start":{"line":13,"column":35},"end":{"line":13,"column":40}}},"1":{"name":"(anonymous_1)","decl":{"start":{"line":15,"column":11},"end":{"line":15,"column":12}},"loc":{"start":{"line":15,"column":22},"end":{"line":21,"column":1}}}},"branchMap":{"0":{"loc":{"start":{"line":18,"column":11},"end":{"line":18,"column":53}},"type":"binary-expr","locations":[{"start":{"line":18,"column":11},"end":{"line":18,"column":22}},{"start":{"line":18,"column":26},"end":{"line":18,"column":53}}]}},"s":{"0":1,"1":1,"2":1,"3":1,"4":1,"5":1,"6":1},"f":{"0":1,"1":1},"b":{"0":[1,1]},"_coverageSchema":"332fd63041d2c1bcb487cc26dd0d5f7d97098a6c","hash":"eb405f1d9e787e82014e8a9fb79714cca71c32d7"}
,"/Users/mattapperson/Development/nachos-ui/src/typography/H3.js": {"path":"/Users/mattapperson/Development/nachos-ui/src/typography/H3.js","statementMap":{"0":{"start":{"line":6,"column":14},"end":{"line":11,"column":1}},"1":{"start":{"line":13,"column":0},"end":{"line":13,"column":41}},"2":{"start":{"line":13,"column":35},"end":{"line":13,"column":40}},"3":{"start":{"line":15,"column":11},"end":{"line":21,"column":1}},"4":{"start":{"line":16,"column":20},"end":{"line":19,"column":3}},"5":{"start":{"line":20,"column":2},"end":{"line":20,"column":32}},"6":{"start":{"line":23,"column":0},"end":{"line":23,"column":42}}},"fnMap":{"0":{"name":"(anonymous_0)","decl":{"start":{"line":13,"column":29},"end":{"line":13,"column":30}},"loc":{"start":{"line":13,"column":35},"end":{"line":13,"column":40}}},"1":{"name":"(anonymous_1)","decl":{"start":{"line":15,"column":11},"end":{"line":15,"column":12}},"loc":{"start":{"line":15,"column":22},"end":{"line":21,"column":1}}}},"branchMap":{"0":{"loc":{"start":{"line":18,"column":11},"end":{"line":18,"column":53}},"type":"binary-expr","locations":[{"start":{"line":18,"column":11},"end":{"line":18,"column":22}},{"start":{"line":18,"column":26},"end":{"line":18,"column":53}}]}},"s":{"0":1,"1":1,"2":1,"3":1,"4":1,"5":1,"6":1},"f":{"0":1,"1":1},"b":{"0":[1,1]},"_coverageSchema":"332fd63041d2c1bcb487cc26dd0d5f7d97098a6c","hash":"170d86327408fda253f9de74371da6d8424fb888"}
,"/Users/mattapperson/Development/nachos-ui/src/typography/H4.js": {"path":"/Users/mattapperson/Development/nachos-ui/src/typography/H4.js","statementMap":{"0":{"start":{"line":6,"column":14},"end":{"line":11,"column":1}},"1":{"start":{"line":13,"column":0},"end":{"line":13,"column":41}},"2":{"start":{"line":13,"column":35},"end":{"line":13,"column":40}},"3":{"start":{"line":15,"column":11},"end":{"line":21,"column":1}},"4":{"start":{"line":16,"column":20},"end":{"line":19,"column":3}},"5":{"start":{"line":20,"column":2},"end":{"line":20,"column":32}},"6":{"start":{"line":23,"column":0},"end":{"line":23,"column":42}}},"fnMap":{"0":{"name":"(anonymous_0)","decl":{"start":{"line":13,"column":29},"end":{"line":13,"column":30}},"loc":{"start":{"line":13,"column":35},"end":{"line":13,"column":40}}},"1":{"name":"(anonymous_1)","decl":{"start":{"line":15,"column":11},"end":{"line":15,"column":12}},"loc":{"start":{"line":15,"column":22},"end":{"line":21,"column":1}}}},"branchMap":{"0":{"loc":{"start":{"line":18,"column":11},"end":{"line":18,"column":53}},"type":"binary-expr","locations":[{"start":{"line":18,"column":11},"end":{"line":18,"column":22}},{"start":{"line":18,"column":26},"end":{"line":18,"column":53}}]}},"s":{"0":1,"1":1,"2":1,"3":1,"4":1,"5":1,"6":1},"f":{"0":1,"1":1},"b":{"0":[1,1]},"_coverageSchema":"332fd63041d2c1bcb487cc26dd0d5f7d97098a6c","hash":"1de53f9cbf24b295587e82355efae9a4b4686f12"}
,"/Users/mattapperson/Development/nachos-ui/src/typography/H5.js": {"path":"/Users/mattapperson/Development/nachos-ui/src/typography/H5.js","statementMap":{"0":{"start":{"line":6,"column":14},"end":{"line":11,"column":1}},"1":{"start":{"line":13,"column":0},"end":{"line":13,"column":41}},"2":{"start":{"line":13,"column":35},"end":{"line":13,"column":40}},"3":{"start":{"line":15,"column":11},"end":{"line":21,"column":1}},"4":{"start":{"line":16,"column":20},"end":{"line":19,"column":3}},"5":{"start":{"line":20,"column":2},"end":{"line":20,"column":32}},"6":{"start":{"line":23,"column":0},"end":{"line":23,"column":42}}},"fnMap":{"0":{"name":"(anonymous_0)","decl":{"start":{"line":13,"column":29},"end":{"line":13,"column":30}},"loc":{"start":{"line":13,"column":35},"end":{"line":13,"column":40}}},"1":{"name":"(anonymous_1)","decl":{"start":{"line":15,"column":11},"end":{"line":15,"column":12}},"loc":{"start":{"line":15,"column":22},"end":{"line":21,"column":1}}}},"branchMap":{"0":{"loc":{"start":{"line":18,"column":11},"end":{"line":18,"column":53}},"type":"binary-expr","locations":[{"start":{"line":18,"column":11},"end":{"line":18,"column":22}},{"start":{"line":18,"column":26},"end":{"line":18,"column":53}}]}},"s":{"0":1,"1":1,"2":1,"3":1,"4":1,"5":1,"6":1},"f":{"0":1,"1":1},"b":{"0":[1,1]},"_coverageSchema":"332fd63041d2c1bcb487cc26dd0d5f7d97098a6c","hash":"dc37a159d2b8c58df53641e67c28bea00acbe931"}
,"/Users/mattapperson/Development/nachos-ui/src/typography/H6.js": {"path":"/Users/mattapperson/Development/nachos-ui/src/typography/H6.js","statementMap":{"0":{"start":{"line":6,"column":14},"end":{"line":10,"column":1}},"1":{"start":{"line":12,"column":0},"end":{"line":12,"column":41}},"2":{"start":{"line":12,"column":35},"end":{"line":12,"column":40}},"3":{"start":{"line":14,"column":11},"end":{"line":20,"column":1}},"4":{"start":{"line":15,"column":20},"end":{"line":18,"column":3}},"5":{"start":{"line":19,"column":2},"end":{"line":19,"column":32}},"6":{"start":{"line":22,"column":0},"end":{"line":22,"column":42}}},"fnMap":{"0":{"name":"(anonymous_0)","decl":{"start":{"line":12,"column":29},"end":{"line":12,"column":30}},"loc":{"start":{"line":12,"column":35},"end":{"line":12,"column":40}}},"1":{"name":"(anonymous_1)","decl":{"start":{"line":14,"column":11},"end":{"line":14,"column":12}},"loc":{"start":{"line":14,"column":22},"end":{"line":20,"column":1}}}},"branchMap":{"0":{"loc":{"start":{"line":17,"column":11},"end":{"line":17,"column":53}},"type":"binary-expr","locations":[{"start":{"line":17,"column":11},"end":{"line":17,"column":22}},{"start":{"line":17,"column":26},"end":{"line":17,"column":53}}]}},"s":{"0":1,"1":1,"2":1,"3":1,"4":1,"5":1,"6":1},"f":{"0":1,"1":1},"b":{"0":[1,1]},"_coverageSchema":"332fd63041d2c1bcb487cc26dd0d5f7d97098a6c","hash":"4786130371bf7e666446afac2cf668ed6c558d3e"}
,"/Users/mattapperson/Development/nachos-ui/src/typography/I.js": {"path":"/Users/mattapperson/Development/nachos-ui/src/typography/I.js","statementMap":{"0":{"start":{"line":1,"column":0},"end":{"line":1,"column":57}},"1":{"start":{"line":1,"column":65},"end":{"line":1,"column":80}},"2":{"start":{"line":1,"column":90},"end":{"line":1,"column":117}},"3":{"start":{"line":1,"column":155},"end":{"line":1,"column":200}},"4":{"start":{"line":1,"column":201},"end":{"line":1,"column":230}},"5":{"start":{"line":1,"column":230},"end":{"line":1,"column":264}}},"fnMap":{"0":{"name":"_interopRequireDefault","decl":{"start":{"line":1,"column":127},"end":{"line":1,"column":149}},"loc":{"start":{"line":1,"column":154},"end":{"line":1,"column":201}},"line":1}},"branchMap":{"0":{"loc":{"start":{"line":1,"column":162},"end":{"line":1,"column":199}},"type":"cond-expr","locations":[{"start":{"line":1,"column":182},"end":{"line":1,"column":185}},{"start":{"line":1,"column":186},"end":{"line":1,"column":199}}],"line":1},"1":{"loc":{"start":{"line":1,"column":162},"end":{"line":1,"column":181}},"type":"binary-expr","locations":[{"start":{"line":1,"column":162},"end":{"line":1,"column":165}},{"start":{"line":1,"column":167},"end":{"line":1,"column":181}}],"line":1}},"s":{"0":0,"1":0,"2":0,"3":0,"4":0,"5":0},"f":{"0":0},"b":{"0":[0,0],"1":[0,0]}}
,"/Users/mattapperson/Development/nachos-ui/src/typography/P.js": {"path":"/Users/mattapperson/Development/nachos-ui/src/typography/P.js","statementMap":{},"fnMap":{},"branchMap":{},"s":{},"f":{},"b":{},"_coverageSchema":"332fd63041d2c1bcb487cc26dd0d5f7d97098a6c","hash":"df89f37155c2ca52b941233bbe620f71e90cefaf"}
,"/Users/mattapperson/Development/nachos-ui/src/typography/Strong.js": {"path":"/Users/mattapperson/Development/nachos-ui/src/typography/Strong.js","statementMap":{"0":{"start":{"line":6,"column":14},"end":{"line":10,"column":1}},"1":{"start":{"line":12,"column":0},"end":{"line":12,"column":45}},"2":{"start":{"line":12,"column":39},"end":{"line":12,"column":44}},"3":{"start":{"line":14,"column":15},"end":{"line":20,"column":1}},"4":{"start":{"line":15,"column":20},"end":{"line":18,"column":3}},"5":{"start":{"line":19,"column":2},"end":{"line":19,"column":32}},"6":{"start":{"line":22,"column":0},"end":{"line":22,"column":46}}},"fnMap":{"0":{"name":"(anonymous_0)","decl":{"start":{"line":12,"column":33},"end":{"line":12,"column":34}},"loc":{"start":{"line":12,"column":39},"end":{"line":12,"column":44}}},"1":{"name":"(anonymous_1)","decl":{"start":{"line":14,"column":15},"end":{"line":14,"column":16}},"loc":{"start":{"line":14,"column":26},"end":{"line":20,"column":1}}}},"branchMap":{"0":{"loc":{"start":{"line":17,"column":11},"end":{"line":17,"column":57}},"type":"binary-expr","locations":[{"start":{"line":17,"column":11},"end":{"line":17,"column":22}},{"start":{"line":17,"column":26},"end":{"line":17,"column":57}}]}},"s":{"0":2,"1":2,"2":4,"3":2,"4":4,"5":4,"6":2},"f":{"0":4,"1":4},"b":{"0":[4,4]},"_coverageSchema":"332fd63041d2c1bcb487cc26dd0d5f7d97098a6c","hash":"09ab67bbbecb18ce6c61975922a75073b50dcb16"}
,"/Users/mattapperson/Development/nachos-ui/src/typography/Text.js": {"path":"/Users/mattapperson/Development/nachos-ui/src/typography/Text.js","statementMap":{"0":{"start":{"line":7,"column":21},"end":{"line":14,"column":1}},"1":{"start":{"line":16,"column":0},"end":{"line":16,"column":50}},"2":{"start":{"line":16,"column":37},"end":{"line":16,"column":49}},"3":{"start":{"line":18,"column":21},"end":{"line":26,"column":1}},"4":{"start":{"line":19,"column":2},"end":{"line":25,"column":3}},"5":{"start":{"line":28,"column":13},"end":{"line":42,"column":1}},"6":{"start":{"line":29,"column":16},"end":{"line":29,"column":60}},"7":{"start":{"line":30,"column":20},"end":{"line":30,"column":39}},"8":{"start":{"line":31,"column":27},"end":{"line":31,"column":32}},"9":{"start":{"line":32,"column":2},"end":{"line":35,"column":3}},"10":{"start":{"line":38,"column":2},"end":{"line":38,"column":24}},"11":{"start":{"line":39,"column":2},"end":{"line":39,"column":24}},"12":{"start":{"line":41,"column":2},"end":{"line":41,"column":34}},"13":{"start":{"line":44,"column":0},"end":{"line":48,"column":1}},"14":{"start":{"line":50,"column":0},"end":{"line":50,"column":37}}},"fnMap":{"0":{"name":"(anonymous_0)","decl":{"start":{"line":16,"column":31},"end":{"line":16,"column":32}},"loc":{"start":{"line":16,"column":37},"end":{"line":16,"column":49}}},"1":{"name":"(anonymous_1)","decl":{"start":{"line":18,"column":21},"end":{"line":18,"column":22}},"loc":{"start":{"line":18,"column":32},"end":{"line":26,"column":1}}},"2":{"name":"(anonymous_2)","decl":{"start":{"line":28,"column":13},"end":{"line":28,"column":14}},"loc":{"start":{"line":28,"column":24},"end":{"line":42,"column":1}}}},"branchMap":{"0":{"loc":{"start":{"line":29,"column":16},"end":{"line":29,"column":60}},"type":"binary-expr","locations":[{"start":{"line":29,"column":16},"end":{"line":29,"column":27}},{"start":{"line":29,"column":31},"end":{"line":29,"column":60}}]}},"s":{"0":12,"1":12,"2":13,"3":12,"4":14,"5":12,"6":14,"7":14,"8":14,"9":14,"10":14,"11":14,"12":14,"13":12,"14":12},"f":{"0":13,"1":14,"2":14},"b":{"0":[14,3]},"_coverageSchema":"332fd63041d2c1bcb487cc26dd0d5f7d97098a6c","hash":"4b6314216b19c24cde242bae07ec618e4d037043"}
}
