TN:
SF:/Users/mattapperson/Development/nachos-ui/src/Badge.js
FN:15,(anonymous_0)
FN:17,(anonymous_1)
FN:35,(anonymous_2)
FNF:3
FNH:3
FNDA:2,(anonymous_0)
FNDA:2,(anonymous_1)
FNDA:2,(anonymous_2)
DA:6,2
DA:15,2
DA:17,2
DA:18,2
DA:35,2
DA:41,2
DA:43,2
DA:44,2
DA:46,2
DA:63,2
LF:10
LH:10
BRDA:43,0,0,2
BRDA:43,0,1,2
BRDA:51,1,0,2
BRDA:51,1,1,0
BRF:4
BRH:3
end_of_record
TN:
SF:/Users/mattapperson/Development/nachos-ui/src/Bubble.js
FN:16,(anonymous_0)
FN:18,(anonymous_1)
FN:59,(anonymous_2)
FN:102,(anonymous_3)
FNF:4
FNH:4
FNDA:1,(anonymous_0)
FNDA:1,(anonymous_1)
FNDA:1,(anonymous_2)
FNDA:1,(anonymous_3)
DA:6,1
DA:16,1
DA:18,1
DA:19,1
DA:60,1
DA:102,1
DA:107,1
DA:109,1
DA:110,1
DA:111,1
DA:113,1
DA:132,1
DA:140,1
LF:13
LH:13
BRDA:109,0,0,1
BRDA:109,0,1,1
BRDA:111,1,0,1
BRDA:111,1,1,1
BRF:4
BRH:4
end_of_record
TN:
SF:/Users/mattapperson/Development/nachos-ui/src/Button.js
FN:22,(anonymous_0)
FN:24,(anonymous_1)
FN:68,(anonymous_2)
FN:101,(anonymous_3)
FN:218,(anonymous_4)
FN:219,(anonymous_5)
FN:220,(anonymous_6)
FN:221,(anonymous_7)
FNF:8
FNH:3
FNDA:8,(anonymous_0)
FNDA:8,(anonymous_1)
FNDA:8,(anonymous_2)
FNDA:0,(anonymous_3)
FNDA:0,(anonymous_4)
FNDA:0,(anonymous_5)
FNDA:0,(anonymous_6)
FNDA:0,(anonymous_7)
DA:7,4
DA:22,8
DA:24,4
DA:25,8
DA:68,4
DA:93,8
DA:95,8
DA:96,8
DA:99,8
DA:105,8
DA:112,8
DA:119,8
DA:128,8
DA:130,4
DA:140,4
DA:141,4
DA:145,8
DA:146,8
DA:153,8
DA:176,4
DA:212,4
LF:21
LH:21
BRDA:95,0,0,8
BRDA:95,0,1,8
BRDA:99,1,0,8
BRDA:99,1,1,0
BRDA:123,2,0,1
BRDA:123,2,1,7
BRDA:128,3,0,4
BRDA:128,3,1,4
BRDA:132,4,0,4
BRDA:132,4,1,0
BRDA:134,5,0,1
BRDA:134,5,1,3
BRDA:135,6,0,1
BRDA:135,6,1,0
BRDA:136,7,0,3
BRDA:136,7,1,0
BRDA:140,8,0,4
BRDA:140,8,1,4
BRDA:141,9,0,4
BRDA:141,9,1,0
BRDA:145,10,0,8
BRDA:145,10,1,0
BRDA:148,11,0,7
BRDA:148,11,1,1
BRDA:155,12,0,1
BRDA:155,12,1,7
BRF:26
BRH:20
end_of_record
TN:
SF:/Users/mattapperson/Development/nachos-ui/src/Card.js
FN:16,(anonymous_0)
FN:18,(anonymous_1)
FN:57,(anonymous_2)
FNF:3
FNH:3
FNDA:2,(anonymous_0)
FNDA:2,(anonymous_1)
FNDA:2,(anonymous_2)
DA:7,1
DA:16,2
DA:18,1
DA:19,2
DA:57,1
DA:58,2
DA:60,2
DA:61,2
DA:64,2
DA:65,0
DA:69,2
DA:70,1
DA:81,2
DA:82,2
DA:83,2
DA:84,2
DA:85,1
DA:92,2
DA:99,2
DA:110,1
LF:20
LH:19
BRDA:60,0,0,2
BRDA:60,0,1,2
BRDA:64,1,0,0
BRDA:64,1,1,2
BRDA:69,2,0,1
BRDA:69,2,1,1
BRDA:81,3,0,2
BRDA:81,3,1,0
BRDA:84,4,0,1
BRDA:84,4,1,1
BRF:10
BRH:8
end_of_record
TN:
SF:/Users/mattapperson/Development/nachos-ui/src/Carousel.js
FN:14,(anonymous_0)
FN:16,(anonymous_1)
FN:57,(anonymous_2)
FN:62,(anonymous_3)
FN:77,(anonymous_4)
FN:111,(anonymous_5)
FN:123,(anonymous_6)
FN:135,(anonymous_7)
FN:144,(anonymous_8)
FN:164,(anonymous_9)
FNF:10
FNH:7
FNDA:3,(anonymous_0)
FNDA:3,(anonymous_1)
FNDA:0,(anonymous_2)
FNDA:2,(anonymous_3)
FNDA:2,(anonymous_4)
FNDA:0,(anonymous_5)
FNDA:0,(anonymous_6)
FNDA:2,(anonymous_7)
FNDA:4,(anonymous_8)
FNDA:2,(anonymous_9)
DA:6,1
DA:14,3
DA:16,1
DA:17,3
DA:63,2
DA:64,1
DA:67,1
DA:69,1
DA:70,1
DA:71,1
DA:72,1
DA:73,1
DA:74,1
DA:77,1
DA:78,2
DA:85,2
DA:86,1
DA:93,2
DA:104,1
DA:112,0
DA:114,0
DA:115,0
DA:116,0
DA:118,0
DA:119,0
DA:124,0
DA:125,0
DA:127,0
DA:128,0
DA:129,0
DA:136,2
DA:138,2
DA:139,2
DA:141,2
DA:142,2
DA:143,2
DA:144,2
DA:145,4
DA:155,2
DA:165,2
LF:40
LH:29
BRDA:63,0,0,1
BRDA:63,0,1,1
BRDA:67,1,0,1
BRDA:67,1,1,1
BRDA:73,2,0,1
BRDA:73,2,1,0
BRDA:82,3,0,2
BRDA:82,3,1,2
BRDA:85,4,0,1
BRDA:85,4,1,1
BRDA:112,5,0,0
BRDA:112,5,1,0
BRDA:114,6,0,0
BRDA:114,6,1,0
BRDA:118,7,0,0
BRDA:118,7,1,0
BRDA:125,8,0,0
BRDA:125,8,1,0
BRDA:127,9,0,0
BRDA:127,9,1,0
BRDA:128,10,0,0
BRDA:128,10,1,0
BRDA:136,11,0,2
BRDA:136,11,1,2
BRDA:138,12,0,2
BRDA:138,12,1,2
BRDA:139,13,0,2
BRDA:139,13,1,1
BRDA:143,14,0,2
BRDA:143,14,1,0
BRDA:160,15,0,0
BRDA:160,15,1,2
BRDA:161,16,0,0
BRDA:161,16,1,2
BRDA:162,17,0,0
BRDA:162,17,1,2
BRF:36
BRH:19
end_of_record
TN:
SF:/Users/mattapperson/Development/nachos-ui/src/Checkbox.js
FN:22,(anonymous_0)
FN:24,(anonymous_1)
FN:73,(anonymous_2)
FN:96,(anonymous_3)
FN:132,(anonymous_4)
FN:167,(anonymous_5)
FNF:6
FNH:4
FNDA:7,(anonymous_0)
FNDA:7,(anonymous_1)
FNDA:7,(anonymous_2)
FNDA:0,(anonymous_3)
FNDA:1,(anonymous_4)
FNDA:0,(anonymous_5)
DA:7,3
DA:22,7
DA:24,3
DA:25,7
DA:73,3
DA:88,7
DA:90,7
DA:91,7
DA:94,7
DA:100,7
DA:103,7
DA:104,1
DA:105,1
DA:106,1
DA:117,7
DA:126,7
DA:132,1
DA:141,3
DA:161,3
LF:19
LH:19
BRDA:90,0,0,7
BRDA:90,0,1,7
BRDA:94,1,0,7
BRDA:94,1,1,3
BRDA:100,2,0,7
BRDA:100,2,1,6
BRDA:103,3,0,1
BRDA:103,3,1,6
BRDA:105,4,0,1
BRDA:105,4,1,0
BRDA:108,5,0,1
BRDA:108,5,1,1
BRDA:120,6,0,1
BRDA:120,6,1,6
BRDA:120,7,0,7
BRDA:120,7,1,1
BRDA:127,8,0,1
BRDA:127,8,1,6
BRF:18
BRH:17
end_of_record
TN:
SF:/Users/mattapperson/Development/nachos-ui/src/Gravatar.js
FN:33,(anonymous_0)
FNF:1
FNH:1
FNDA:1,(anonymous_0)
DA:34,1
DA:35,1
DA:42,1
DA:45,1
DA:46,0
DA:47,1
DA:48,1
DA:50,0
DA:53,0
DA:56,1
DA:60,1
DA:61,1
DA:62,1
DA:63,1
DA:64,1
DA:65,1
DA:66,1
DA:67,1
DA:68,1
DA:69,1
DA:71,1
LF:21
LH:18
BRDA:45,0,0,0
BRDA:45,0,1,1
BRDA:47,1,0,1
BRDA:47,1,1,0
BRDA:75,2,0,0
BRDA:75,2,1,1
BRF:6
BRH:3
end_of_record
TN:
SF:/Users/mattapperson/Development/nachos-ui/src/Indicator.js
FN:14,(anonymous_0)
FN:16,(anonymous_1)
FN:60,(anonymous_2)
FN:68,(anonymous_3)
FNF:4
FNH:3
FNDA:1,(anonymous_0)
FNDA:1,(anonymous_1)
FNDA:0,(anonymous_2)
FNDA:1,(anonymous_3)
DA:8,1
DA:14,1
DA:16,1
DA:17,1
DA:61,0
DA:62,0
DA:76,1
DA:78,1
DA:80,1
DA:81,1
DA:85,1
DA:87,1
DA:88,1
DA:89,1
DA:112,1
LF:15
LH:13
BRDA:78,0,0,1
BRDA:78,0,1,1
BRDA:85,1,0,1
BRDA:85,1,1,1
BRF:4
BRH:4
end_of_record
TN:
SF:/Users/mattapperson/Development/nachos-ui/src/Input.js
FN:20,(anonymous_0)
FN:22,(anonymous_1)
FN:68,(anonymous_2)
FNF:3
FNH:3
FNDA:2,(anonymous_0)
FNDA:2,(anonymous_1)
FNDA:2,(anonymous_2)
DA:7,1
DA:20,2
DA:22,1
DA:23,2
DA:68,1
DA:69,2
DA:70,2
DA:71,2
DA:72,2
DA:73,2
DA:74,2
DA:75,2
DA:78,2
DA:79,0
DA:91,2
DA:92,2
DA:93,2
DA:94,2
DA:95,2
DA:96,2
DA:97,2
DA:98,2
DA:99,2
DA:101,2
DA:126,1
DA:141,1
LF:26
LH:25
BRDA:70,0,0,2
BRDA:70,0,1,2
BRDA:71,1,0,2
BRDA:71,1,1,2
BRDA:74,2,0,2
BRDA:74,2,1,2
BRDA:78,3,0,0
BRDA:78,3,1,2
BRDA:108,4,0,1
BRDA:108,4,1,1
BRF:10
BRH:9
end_of_record
TN:
SF:/Users/mattapperson/Development/nachos-ui/src/Progress.js
FN:13,(anonymous_0)
FN:15,(anonymous_1)
FNF:2
FNH:2
FNDA:2,(anonymous_0)
FNDA:2,(anonymous_1)
DA:6,2
DA:13,2
DA:15,2
DA:20,2
DA:21,2
DA:22,2
DA:23,2
DA:25,2
DA:33,2
DA:39,2
DA:46,2
DA:55,2
LF:12
LH:12
BRDA:21,0,0,2
BRDA:21,0,1,2
BRDA:22,1,0,2
BRDA:22,1,1,1
BRDA:23,2,0,2
BRDA:23,2,1,1
BRDA:36,3,0,2
BRDA:36,3,1,2
BRF:8
BRH:8
end_of_record
TN:
SF:/Users/mattapperson/Development/nachos-ui/src/Radio.js
FN:5,(anonymous_0)
FNF:1
FNH:1
FNDA:4,(anonymous_0)
DA:5,2
DA:6,4
DA:9,2
DA:14,2
LF:4
LH:4
BRF:0
BRH:0
end_of_record
TN:
SF:/Users/mattapperson/Development/nachos-ui/src/RadioGroup.js
FN:19,(anonymous_0)
FN:24,(anonymous_1)
FN:39,(anonymous_2)
FN:57,(anonymous_3)
FNF:4
FNH:3
FNDA:3,(anonymous_0)
FNDA:0,(anonymous_1)
FNDA:1,(anonymous_2)
FNDA:3,(anonymous_3)
DA:8,1
DA:19,1
DA:22,3
DA:24,0
DA:39,1
DA:48,1
DA:50,1
DA:58,3
DA:59,3
DA:73,1
DA:86,1
LF:11
LH:10
BRDA:58,0,0,0
BRDA:58,0,1,3
BRF:2
BRH:1
end_of_record
TN:
SF:/Users/mattapperson/Development/nachos-ui/src/SegmentedControlButton.js
FN:24,(anonymous_0)
FN:26,(anonymous_1)
FN:77,(anonymous_2)
FN:98,(anonymous_3)
FNF:4
FNH:3
FNDA:3,(anonymous_0)
FNDA:5,(anonymous_1)
FNDA:5,(anonymous_2)
FNDA:0,(anonymous_3)
DA:6,3
DA:24,3
DA:26,3
DA:27,5
DA:77,3
DA:89,5
DA:91,5
DA:93,5
DA:96,5
DA:104,5
DA:105,5
DA:106,5
DA:107,5
DA:108,5
DA:109,5
DA:110,5
DA:111,5
DA:112,5
DA:113,5
DA:114,5
DA:116,5
DA:143,3
DA:161,3
LF:23
LH:23
BRDA:91,0,0,5
BRDA:91,0,1,1
BRDA:96,1,0,5
BRDA:96,1,1,3
BRDA:127,2,0,1
BRDA:127,2,1,4
BRDA:128,3,0,1
BRDA:128,3,1,4
BRDA:129,4,0,1
BRDA:129,4,1,4
BRDA:134,5,0,1
BRDA:134,5,1,4
BRF:12
BRH:12
end_of_record
TN:
SF:/Users/mattapperson/Development/nachos-ui/src/Slider.js
FN:70,(anonymous_0)
FN:73,(anonymous_1)
FN:75,(anonymous_2)
FN:76,(anonymous_3)
FN:77,(anonymous_4)
FN:78,(anonymous_5)
FN:84,(anonymous_6)
FN:88,(anonymous_7)
FN:98,(anonymous_8)
FNF:9
FNH:2
FNDA:0,(anonymous_0)
FNDA:1,(anonymous_1)
FNDA:0,(anonymous_2)
FNDA:0,(anonymous_3)
FNDA:0,(anonymous_4)
FNDA:0,(anonymous_5)
FNDA:0,(anonymous_6)
FNDA:0,(anonymous_7)
FNDA:1,(anonymous_8)
DA:6,1
DA:8,1
DA:74,1
DA:75,0
DA:76,0
DA:77,0
DA:78,0
DA:85,0
DA:89,0
DA:90,0
DA:91,0
DA:92,0
DA:93,0
DA:95,0
DA:107,1
DA:109,1
DA:110,1
DA:114,1
LF:18
LH:7
BRDA:35,0,0,1
BRDA:35,0,1,0
BRDA:40,1,0,0
BRDA:40,1,1,1
BRF:4
BRH:2
end_of_record
TN:
SF:/Users/mattapperson/Development/nachos-ui/src/Spinner.js
FN:12,(anonymous_0)
FN:14,(anonymous_1)
FN:30,(anonymous_2)
FN:38,(anonymous_3)
FN:43,(anonymous_4)
FN:47,(anonymous_5)
FN:48,(anonymous_6)
FN:60,(anonymous_7)
FN:62,(anonymous_8)
FN:64,(anonymous_9)
FN:72,(anonymous_10)
FN:77,(anonymous_11)
FN:78,(anonymous_12)
FN:79,(anonymous_13)
FN:85,(anonymous_14)
FN:93,(anonymous_15)
FNF:16
FNH:11
FNDA:1,(anonymous_0)
FNDA:1,(anonymous_1)
FNDA:1,(anonymous_2)
FNDA:1,(anonymous_3)
FNDA:0,(anonymous_4)
FNDA:1,(anonymous_5)
FNDA:1,(anonymous_6)
FNDA:1,(anonymous_7)
FNDA:1,(anonymous_8)
FNDA:0,(anonymous_9)
FNDA:1,(anonymous_10)
FNDA:0,(anonymous_11)
FNDA:0,(anonymous_12)
FNDA:0,(anonymous_13)
FNDA:3,(anonymous_14)
FNDA:1,(anonymous_15)
DA:6,1
DA:12,1
DA:14,1
DA:15,1
DA:31,1
DA:32,1
DA:33,1
DA:34,1
DA:35,1
DA:39,1
DA:40,1
DA:44,0
DA:48,1
DA:49,1
DA:60,1
DA:61,1
DA:62,1
DA:63,1
DA:65,0
DA:72,1
DA:73,1
DA:74,0
DA:76,1
DA:77,0
DA:78,0
DA:79,0
DA:82,1
DA:86,3
DA:90,3
DA:94,1
DA:96,1
DA:97,1
DA:103,1
DA:104,1
DA:105,1
DA:107,1
LF:36
LH:30
BRDA:73,0,0,0
BRDA:73,0,1,1
BRDA:94,1,0,1
BRDA:94,1,1,1
BRDA:98,2,0,1
BRDA:98,2,1,1
BRDA:99,3,0,1
BRDA:99,3,1,1
BRDA:100,4,0,1
BRDA:100,4,1,1
BRDA:101,5,0,1
BRDA:101,5,1,1
BRF:12
BRH:11
end_of_record
TN:
SF:/Users/mattapperson/Development/nachos-ui/src/Switcher.js
FN:21,(anonymous_0)
FN:28,(anonymous_1)
FN:38,(anonymous_2)
FN:43,(anonymous_3)
FN:48,(anonymous_4)
FN:53,(anonymous_5)
FNF:6
FNH:4
FNDA:0,(anonymous_0)
FNDA:2,(anonymous_1)
FNDA:5,(anonymous_2)
FNDA:0,(anonymous_3)
FNDA:2,(anonymous_4)
FNDA:6,(anonymous_5)
DA:29,2
DA:34,0
DA:35,2
DA:37,2
DA:38,5
DA:44,0
DA:45,0
DA:49,2
DA:51,2
DA:54,6
DA:60,6
DA:61,2
DA:62,4
DA:63,2
DA:66,6
DA:67,1
DA:73,6
DA:74,3
DA:77,6
DA:78,6
LF:20
LH:17
BRDA:29,0,0,0
BRDA:29,0,1,2
BRDA:30,1,0,2
BRDA:30,1,1,0
BRDA:30,1,2,0
BRDA:35,2,0,2
BRDA:35,2,1,0
BRDA:60,3,0,2
BRDA:60,3,1,4
BRDA:62,4,0,2
BRDA:62,4,1,2
BRDA:66,5,0,1
BRDA:66,5,1,5
BRDA:73,6,0,3
BRDA:73,6,1,3
BRDA:73,7,0,6
BRDA:73,7,1,3
BRF:17
BRH:13
end_of_record
TN:
SF:/Users/mattapperson/Development/nachos-ui/src/TabButton.js
FN:18,(anonymous_0)
FN:20,(anonymous_1)
FNF:2
FNH:2
FNDA:4,(anonymous_0)
FNDA:4,(anonymous_1)
DA:6,2
DA:18,4
DA:20,2
DA:21,4
DA:25,4
DA:28,2
DA:33,2
LF:7
LH:7
BRDA:23,0,0,4
BRDA:23,0,1,4
BRF:2
BRH:2
end_of_record
TN:
SF:/Users/mattapperson/Development/nachos-ui/src/themeManager.js
FNF:0
FNH:0
LF:0
LH:0
BRF:0
BRH:0
end_of_record
TN:
SF:/Users/mattapperson/Development/nachos-ui/src/typography/A.js
FN:13,(anonymous_0)
FN:15,(anonymous_1)
FN:35,(anonymous_2)
FN:36,(anonymous_3)
FN:39,(anonymous_4)
FN:51,(anonymous_5)
FN:62,(anonymous_6)
FNF:7
FNH:3
FNDA:1,(anonymous_0)
FNDA:1,(anonymous_1)
FNDA:0,(anonymous_2)
FNDA:0,(anonymous_3)
FNDA:0,(anonymous_4)
FNDA:0,(anonymous_5)
FNDA:1,(anonymous_6)
DA:7,1
DA:13,1
DA:15,1
DA:16,1
DA:40,0
DA:41,0
DA:42,0
DA:43,0
DA:47,0
DA:48,0
DA:51,0
DA:52,0
DA:53,0
DA:55,0
DA:63,1
DA:64,1
DA:65,1
LF:17
LH:7
BRDA:40,0,0,0
BRDA:40,0,1,0
BRDA:42,1,0,0
BRDA:42,1,1,0
BRDA:47,2,0,0
BRDA:47,2,1,0
BRDA:52,3,0,0
BRDA:52,3,1,0
BRDA:63,4,0,1
BRDA:63,4,1,1
BRF:10
BRH:2
end_of_record
TN:
SF:/Users/mattapperson/Development/nachos-ui/src/typography/B.js
FNF:0
FNH:0
LF:0
LH:0
BRF:0
BRH:0
end_of_record
TN:
SF:/Users/mattapperson/Development/nachos-ui/src/typography/Em.js
FN:12,(anonymous_0)
FN:14,(anonymous_1)
FNF:2
FNH:2
FNDA:1,(anonymous_0)
FNDA:1,(anonymous_1)
DA:6,1
DA:12,1
DA:14,1
DA:15,1
DA:19,1
DA:22,1
LF:6
LH:6
BRDA:17,0,0,1
BRDA:17,0,1,1
BRF:2
BRH:2
end_of_record
TN:
SF:/Users/mattapperson/Development/nachos-ui/src/typography/H1.js
FN:13,(anonymous_0)
FN:15,(anonymous_1)
FNF:2
FNH:2
FNDA:1,(anonymous_0)
FNDA:1,(anonymous_1)
DA:6,1
DA:13,1
DA:15,1
DA:16,1
DA:20,1
DA:23,1
LF:6
LH:6
BRDA:18,0,0,1
BRDA:18,0,1,1
BRF:2
BRH:2
end_of_record
TN:
SF:/Users/mattapperson/Development/nachos-ui/src/typography/H2.js
FN:13,(anonymous_0)
FN:15,(anonymous_1)
FNF:2
FNH:2
FNDA:1,(anonymous_0)
FNDA:1,(anonymous_1)
DA:6,1
DA:13,1
DA:15,1
DA:16,1
DA:20,1
DA:23,1
LF:6
LH:6
BRDA:18,0,0,1
BRDA:18,0,1,1
BRF:2
BRH:2
end_of_record
TN:
SF:/Users/mattapperson/Development/nachos-ui/src/typography/H3.js
FN:13,(anonymous_0)
FN:15,(anonymous_1)
FNF:2
FNH:2
FNDA:1,(anonymous_0)
FNDA:1,(anonymous_1)
DA:6,1
DA:13,1
DA:15,1
DA:16,1
DA:20,1
DA:23,1
LF:6
LH:6
BRDA:18,0,0,1
BRDA:18,0,1,1
BRF:2
BRH:2
end_of_record
TN:
SF:/Users/mattapperson/Development/nachos-ui/src/typography/H4.js
FN:13,(anonymous_0)
FN:15,(anonymous_1)
FNF:2
FNH:2
FNDA:1,(anonymous_0)
FNDA:1,(anonymous_1)
DA:6,1
DA:13,1
DA:15,1
DA:16,1
DA:20,1
DA:23,1
LF:6
LH:6
BRDA:18,0,0,1
BRDA:18,0,1,1
BRF:2
BRH:2
end_of_record
TN:
SF:/Users/mattapperson/Development/nachos-ui/src/typography/H5.js
FN:13,(anonymous_0)
FN:15,(anonymous_1)
FNF:2
FNH:2
FNDA:1,(anonymous_0)
FNDA:1,(anonymous_1)
DA:6,1
DA:13,1
DA:15,1
DA:16,1
DA:20,1
DA:23,1
LF:6
LH:6
BRDA:18,0,0,1
BRDA:18,0,1,1
BRF:2
BRH:2
end_of_record
TN:
SF:/Users/mattapperson/Development/nachos-ui/src/typography/H6.js
FN:12,(anonymous_0)
FN:14,(anonymous_1)
FNF:2
FNH:2
FNDA:1,(anonymous_0)
FNDA:1,(anonymous_1)
DA:6,1
DA:12,1
DA:14,1
DA:15,1
DA:19,1
DA:22,1
LF:6
LH:6
BRDA:17,0,0,1
BRDA:17,0,1,1
BRF:2
BRH:2
end_of_record
TN:
SF:/Users/mattapperson/Development/nachos-ui/src/typography/I.js
FN:1,_interopRequireDefault
FNF:1
FNH:0
FNDA:0,_interopRequireDefault
DA:1,0
LF:1
LH:0
BRDA:1,0,0,0
BRDA:1,0,1,0
BRDA:1,1,0,0
BRDA:1,1,1,0
BRF:4
BRH:0
end_of_record
TN:
SF:/Users/mattapperson/Development/nachos-ui/src/typography/P.js
FNF:0
FNH:0
LF:0
LH:0
BRF:0
BRH:0
end_of_record
TN:
SF:/Users/mattapperson/Development/nachos-ui/src/typography/Strong.js
FN:12,(anonymous_0)
FN:14,(anonymous_1)
FNF:2
FNH:2
FNDA:4,(anonymous_0)
FNDA:4,(anonymous_1)
DA:6,2
DA:12,4
DA:14,2
DA:15,4
DA:19,4
DA:22,2
LF:6
LH:6
BRDA:17,0,0,4
BRDA:17,0,1,4
BRF:2
BRH:2
end_of_record
TN:
SF:/Users/mattapperson/Development/nachos-ui/src/typography/Text.js
FN:16,(anonymous_0)
FN:18,(anonymous_1)
FN:28,(anonymous_2)
FNF:3
FNH:3
FNDA:13,(anonymous_0)
FNDA:14,(anonymous_1)
FNDA:14,(anonymous_2)
DA:7,12
DA:16,13
DA:18,12
DA:19,14
DA:28,12
DA:29,14
DA:30,14
DA:31,14
DA:32,14
DA:38,14
DA:39,14
DA:41,14
DA:44,12
DA:50,12
LF:14
LH:14
BRDA:29,0,0,14
BRDA:29,0,1,3
BRF:2
BRH:2
end_of_record
